
           ####      G N O M              Version 5.0 (r4547)      ####
                                               04/14/15 17:20:17       

           ####      Configuration                                 ####

    System Type:                   arbitrary monodisperse (job = 0)
    Minimum characteristic size:         0.0000
    Maximum characteristic size:        81.0000
    rad56:                               0.0000
    Force 0.0 at r = rmin:                  yes
    Force 0.0 at r = rmax:                  yes
    Initial alpha:                       0.0000
    Initial random seed:              948191090
    Points in real space:                   256

    Input  1:                      C:/Users/graewert/ownCloud/sollid_final_summary/final_curves/fab_data.dat
    First data point used:                   15
    Last data point used:                  1058
    Scaling coefficient:             0.1000E+01
    Experimental setup:            point collimation


           ####      Results                                       ####

    Parameter    DISCRP  OSCILL  STABIL  SYSDEV  POSITV  VALCEN  SMOOTH
    Weight        1.000   3.000   3.000   3.000   1.000   1.000   3.000
    Sigma         0.300   0.600   0.120   0.120   0.120   0.120   0.120
    Ideal         0.700   1.100   0.000   1.000   1.000   0.950   0.000
    Current       0.004   1.223   0.003   0.564   1.000   0.906   0.218
               --------------------------------------------------------
    Estimate      0.005   0.959   0.999   0.000   1.000   0.875   0.036

    Angular range:                       0.0210 to       0.2958
    Reciprocal space Rg:             0.2580E+02
    Reciprocal space I(0):           0.2331E+03

    Real space range:                    0.0000 to      81.0000
    Real space Rg:                   0.2581E+02 +-   0.0000E+00
    Real space I(0):                 0.2331E+03 +-   0.0000E+00

    Highest ALPHA (theor):           0.4439E-01
    Current ALPHA:                   0.2503E-03

    Total Estimate:                      0.5242 (a REASONABLE solution)


           ####      Experimental Data and Fit                     ####

      S          J EXP       ERROR       J REG       I REG

   0.000000E+00                                                0.233102E+03
   0.748682E-03                                                0.233073E+03
   0.149736E-02                                                0.232986E+03
   0.224605E-02                                                0.232841E+03
   0.299473E-02                                                0.232638E+03
   0.374341E-02                                                0.232378E+03
   0.449209E-02                                                0.232060E+03
   0.524077E-02                                                0.231685E+03
   0.598946E-02                                                0.231253E+03
   0.673814E-02                                                0.230764E+03
   0.748682E-02                                                0.230219E+03
   0.823550E-02                                                0.229618E+03
   0.898419E-02                                                0.228962E+03
   0.973287E-02                                                0.228251E+03
   0.104815E-01                                                0.227486E+03
   0.112302E-01                                                0.226667E+03
   0.119789E-01                                                0.225794E+03
   0.127276E-01                                                0.224869E+03
   0.134763E-01                                                0.223892E+03
   0.142250E-01                                                0.222864E+03
   0.149736E-01                                                0.221786E+03
   0.157223E-01                                                0.220658E+03
   0.164710E-01                                                0.219481E+03
   0.172197E-01                                                0.218256E+03
   0.179684E-01                                                0.216985E+03
   0.187171E-01                                                0.215667E+03
   0.194657E-01                                                0.214304E+03
   0.202144E-01                                                0.212897E+03
   0.209631E-01   0.207030E+03   0.000000E+00   0.211446E+03   0.211446E+03
   0.212266E-01   0.204870E+03   0.000000E+00   0.210926E+03   0.210926E+03
   0.214900E-01   0.211194E+03   0.000000E+00   0.210400E+03   0.210400E+03
   0.217535E-01   0.207412E+03   0.000000E+00   0.209870E+03   0.209870E+03
   0.220170E-01   0.210164E+03   0.000000E+00   0.209334E+03   0.209334E+03
   0.222804E-01   0.205294E+03   0.000000E+00   0.208793E+03   0.208793E+03
   0.225439E-01   0.208722E+03   0.000000E+00   0.208247E+03   0.208247E+03
   0.228074E-01   0.209550E+03   0.000000E+00   0.207696E+03   0.207696E+03
   0.230708E-01   0.209520E+03   0.000000E+00   0.207141E+03   0.207141E+03
   0.233343E-01   0.206322E+03   0.000000E+00   0.206580E+03   0.206580E+03
   0.235978E-01   0.206228E+03   0.000000E+00   0.206015E+03   0.206015E+03
   0.238612E-01   0.204840E+03   0.000000E+00   0.205445E+03   0.205445E+03
   0.241247E-01   0.200168E+03   0.000000E+00   0.204870E+03   0.204870E+03
   0.243882E-01   0.202412E+03   0.000000E+00   0.204290E+03   0.204290E+03
   0.246516E-01   0.194715E+03   0.000000E+00   0.203707E+03   0.203707E+03
   0.249151E-01   0.193465E+03   0.000000E+00   0.203118E+03   0.203118E+03
   0.251786E-01   0.205814E+03   0.000000E+00   0.202525E+03   0.202525E+03
   0.254420E-01   0.207996E+03   0.000000E+00   0.201928E+03   0.201928E+03
   0.257055E-01   0.200212E+03   0.000000E+00   0.201326E+03   0.201326E+03
   0.259689E-01   0.198496E+03   0.000000E+00   0.200720E+03   0.200720E+03
   0.262324E-01   0.200188E+03   0.000000E+00   0.200109E+03   0.200109E+03
   0.264959E-01   0.198555E+03   0.000000E+00   0.199494E+03   0.199494E+03
   0.267593E-01   0.205120E+03   0.000000E+00   0.198875E+03   0.198875E+03
   0.270228E-01   0.201986E+03   0.000000E+00   0.198252E+03   0.198252E+03
   0.272863E-01   0.198644E+03   0.000000E+00   0.197625E+03   0.197625E+03
   0.275497E-01   0.193966E+03   0.000000E+00   0.196994E+03   0.196994E+03
   0.278132E-01   0.196405E+03   0.000000E+00   0.196359E+03   0.196359E+03
   0.280767E-01   0.196799E+03   0.000000E+00   0.195720E+03   0.195720E+03
   0.283401E-01   0.199688E+03   0.000000E+00   0.195077E+03   0.195077E+03
   0.286036E-01   0.201906E+03   0.000000E+00   0.194430E+03   0.194430E+03
   0.288671E-01   0.194473E+03   0.000000E+00   0.193780E+03   0.193780E+03
   0.291305E-01   0.192935E+03   0.000000E+00   0.193126E+03   0.193126E+03
   0.293940E-01   0.192174E+03   0.000000E+00   0.192468E+03   0.192468E+03
   0.296575E-01   0.187444E+03   0.000000E+00   0.191806E+03   0.191806E+03
   0.299209E-01   0.192733E+03   0.000000E+00   0.191141E+03   0.191141E+03
   0.301844E-01   0.195563E+03   0.000000E+00   0.190473E+03   0.190473E+03
   0.304479E-01   0.195765E+03   0.000000E+00   0.189801E+03   0.189801E+03
   0.307113E-01   0.190150E+03   0.000000E+00   0.189126E+03   0.189126E+03
   0.309748E-01   0.189558E+03   0.000000E+00   0.188447E+03   0.188447E+03
   0.312383E-01   0.191532E+03   0.000000E+00   0.187765E+03   0.187765E+03
   0.315017E-01   0.185533E+03   0.000000E+00   0.187081E+03   0.187081E+03
   0.317652E-01   0.189093E+03   0.000000E+00   0.186392E+03   0.186392E+03
   0.320287E-01   0.188908E+03   0.000000E+00   0.185701E+03   0.185701E+03
   0.322921E-01   0.185721E+03   0.000000E+00   0.185007E+03   0.185007E+03
   0.325556E-01   0.185542E+03   0.000000E+00   0.184309E+03   0.184309E+03
   0.328190E-01   0.178888E+03   0.000000E+00   0.183609E+03   0.183609E+03
   0.330825E-01   0.180186E+03   0.000000E+00   0.182906E+03   0.182906E+03
   0.333460E-01   0.183471E+03   0.000000E+00   0.182200E+03   0.182200E+03
   0.336094E-01   0.180449E+03   0.000000E+00   0.181491E+03   0.181491E+03
   0.338729E-01   0.184139E+03   0.000000E+00   0.180780E+03   0.180780E+03
   0.341364E-01   0.182689E+03   0.000000E+00   0.180066E+03   0.180066E+03
   0.343998E-01   0.177076E+03   0.000000E+00   0.179349E+03   0.179349E+03
   0.346633E-01   0.177776E+03   0.000000E+00   0.178630E+03   0.178630E+03
   0.349268E-01   0.174877E+03   0.000000E+00   0.177908E+03   0.177908E+03
   0.351902E-01   0.170977E+03   0.000000E+00   0.177184E+03   0.177184E+03
   0.354537E-01   0.170911E+03   0.000000E+00   0.176458E+03   0.176458E+03
   0.357172E-01   0.172359E+03   0.000000E+00   0.175729E+03   0.175729E+03
   0.359806E-01   0.174878E+03   0.000000E+00   0.174998E+03   0.174998E+03
   0.362441E-01   0.178249E+03   0.000000E+00   0.174265E+03   0.174265E+03
   0.365076E-01   0.173402E+03   0.000000E+00   0.173530E+03   0.173530E+03
   0.367710E-01   0.169118E+03   0.000000E+00   0.172792E+03   0.172792E+03
   0.370345E-01   0.176824E+03   0.000000E+00   0.172053E+03   0.172053E+03
   0.372980E-01   0.174839E+03   0.000000E+00   0.171311E+03   0.171311E+03
   0.375614E-01   0.175902E+03   0.000000E+00   0.170568E+03   0.170568E+03
   0.378249E-01   0.167334E+03   0.000000E+00   0.169823E+03   0.169823E+03
   0.380884E-01   0.158196E+03   0.000000E+00   0.169076E+03   0.169076E+03
   0.383518E-01   0.164389E+03   0.000000E+00   0.168327E+03   0.168327E+03
   0.386153E-01   0.163720E+03   0.000000E+00   0.167577E+03   0.167577E+03
   0.388788E-01   0.165384E+03   0.000000E+00   0.166825E+03   0.166825E+03
   0.391422E-01   0.165149E+03   0.000000E+00   0.166071E+03   0.166071E+03
   0.394057E-01   0.165257E+03   0.000000E+00   0.165316E+03   0.165316E+03
   0.396691E-01   0.162633E+03   0.000000E+00   0.164560E+03   0.164560E+03
   0.399326E-01   0.165241E+03   0.000000E+00   0.163802E+03   0.163802E+03
   0.401961E-01   0.161363E+03   0.000000E+00   0.163042E+03   0.163042E+03
   0.404595E-01   0.163926E+03   0.000000E+00   0.162282E+03   0.162282E+03
   0.407230E-01   0.162038E+03   0.000000E+00   0.161520E+03   0.161520E+03
   0.409865E-01   0.162650E+03   0.000000E+00   0.160757E+03   0.160757E+03
   0.412499E-01   0.162011E+03   0.000000E+00   0.159993E+03   0.159993E+03
   0.415134E-01   0.161228E+03   0.000000E+00   0.159227E+03   0.159227E+03
   0.417769E-01   0.163557E+03   0.000000E+00   0.158461E+03   0.158461E+03
   0.420403E-01   0.162653E+03   0.000000E+00   0.157694E+03   0.157694E+03
   0.423038E-01   0.160117E+03   0.000000E+00   0.156926E+03   0.156926E+03
   0.425673E-01   0.159209E+03   0.000000E+00   0.156157E+03   0.156157E+03
   0.428307E-01   0.154111E+03   0.000000E+00   0.155387E+03   0.155387E+03
   0.430942E-01   0.154175E+03   0.000000E+00   0.154617E+03   0.154617E+03
   0.433577E-01   0.153768E+03   0.000000E+00   0.153845E+03   0.153845E+03
   0.436211E-01   0.152223E+03   0.000000E+00   0.153074E+03   0.153074E+03
   0.438846E-01   0.154170E+03   0.000000E+00   0.152301E+03   0.152301E+03
   0.441481E-01   0.151748E+03   0.000000E+00   0.151528E+03   0.151528E+03
   0.444115E-01   0.153221E+03   0.000000E+00   0.150755E+03   0.150755E+03
   0.446750E-01   0.149141E+03   0.000000E+00   0.149981E+03   0.149981E+03
   0.449385E-01   0.149091E+03   0.000000E+00   0.149207E+03   0.149207E+03
   0.452019E-01   0.150441E+03   0.000000E+00   0.148432E+03   0.148432E+03
   0.454654E-01   0.151073E+03   0.000000E+00   0.147657E+03   0.147657E+03
   0.457289E-01   0.150215E+03   0.000000E+00   0.146882E+03   0.146882E+03
   0.459923E-01   0.147951E+03   0.000000E+00   0.146107E+03   0.146107E+03
   0.462558E-01   0.146107E+03   0.000000E+00   0.145332E+03   0.145332E+03
   0.465193E-01   0.146729E+03   0.000000E+00   0.144556E+03   0.144556E+03
   0.467827E-01   0.145756E+03   0.000000E+00   0.143781E+03   0.143781E+03
   0.470462E-01   0.144428E+03   0.000000E+00   0.143006E+03   0.143006E+03
   0.473096E-01   0.143556E+03   0.000000E+00   0.142231E+03   0.142231E+03
   0.475731E-01   0.141033E+03   0.000000E+00   0.141455E+03   0.141455E+03
   0.478366E-01   0.139708E+03   0.000000E+00   0.140680E+03   0.140680E+03
   0.481000E-01   0.138639E+03   0.000000E+00   0.139906E+03   0.139906E+03
   0.483635E-01   0.136765E+03   0.000000E+00   0.139132E+03   0.139132E+03
   0.486270E-01   0.138251E+03   0.000000E+00   0.138357E+03   0.138357E+03
   0.488904E-01   0.134487E+03   0.000000E+00   0.137584E+03   0.137584E+03
   0.491539E-01   0.132567E+03   0.000000E+00   0.136811E+03   0.136811E+03
   0.494174E-01   0.134838E+03   0.000000E+00   0.136038E+03   0.136038E+03
   0.496808E-01   0.138398E+03   0.000000E+00   0.135266E+03   0.135266E+03
   0.499443E-01   0.137060E+03   0.000000E+00   0.134494E+03   0.134494E+03
   0.502078E-01   0.133450E+03   0.000000E+00   0.133723E+03   0.133723E+03
   0.504712E-01   0.136094E+03   0.000000E+00   0.132953E+03   0.132953E+03
   0.507347E-01   0.134000E+03   0.000000E+00   0.132184E+03   0.132184E+03
   0.509982E-01   0.133200E+03   0.000000E+00   0.131415E+03   0.131415E+03
   0.512616E-01   0.134053E+03   0.000000E+00   0.130647E+03   0.130647E+03
   0.515251E-01   0.125156E+03   0.000000E+00   0.129880E+03   0.129880E+03
   0.517886E-01   0.128360E+03   0.000000E+00   0.129114E+03   0.129114E+03
   0.520520E-01   0.131514E+03   0.000000E+00   0.128349E+03   0.128349E+03
   0.523155E-01   0.132040E+03   0.000000E+00   0.127584E+03   0.127584E+03
   0.525790E-01   0.128535E+03   0.000000E+00   0.126821E+03   0.126821E+03
   0.528424E-01   0.126493E+03   0.000000E+00   0.126059E+03   0.126059E+03
   0.531059E-01   0.125396E+03   0.000000E+00   0.125298E+03   0.125298E+03
   0.533694E-01   0.123621E+03   0.000000E+00   0.124538E+03   0.124538E+03
   0.536328E-01   0.123587E+03   0.000000E+00   0.123780E+03   0.123780E+03
   0.538963E-01   0.120450E+03   0.000000E+00   0.123022E+03   0.123022E+03
   0.541597E-01   0.120357E+03   0.000000E+00   0.122267E+03   0.122267E+03
   0.544232E-01   0.121762E+03   0.000000E+00   0.121512E+03   0.121512E+03
   0.546867E-01   0.122082E+03   0.000000E+00   0.120758E+03   0.120758E+03
   0.549501E-01   0.120144E+03   0.000000E+00   0.120007E+03   0.120007E+03
   0.552136E-01   0.118088E+03   0.000000E+00   0.119256E+03   0.119256E+03
   0.554771E-01   0.117161E+03   0.000000E+00   0.118507E+03   0.118507E+03
   0.557405E-01   0.116023E+03   0.000000E+00   0.117760E+03   0.117760E+03
   0.560040E-01   0.116307E+03   0.000000E+00   0.117014E+03   0.117014E+03
   0.562675E-01   0.115337E+03   0.000000E+00   0.116270E+03   0.116270E+03
   0.565309E-01   0.115956E+03   0.000000E+00   0.115528E+03   0.115528E+03
   0.567944E-01   0.115410E+03   0.000000E+00   0.114787E+03   0.114787E+03
   0.570579E-01   0.113041E+03   0.000000E+00   0.114048E+03   0.114048E+03
   0.573213E-01   0.112368E+03   0.000000E+00   0.113311E+03   0.113311E+03
   0.575848E-01   0.112147E+03   0.000000E+00   0.112575E+03   0.112575E+03
   0.578483E-01   0.110397E+03   0.000000E+00   0.111841E+03   0.111841E+03
   0.581117E-01   0.111038E+03   0.000000E+00   0.111110E+03   0.111110E+03
   0.583752E-01   0.108676E+03   0.000000E+00   0.110380E+03   0.110380E+03
   0.586387E-01   0.107603E+03   0.000000E+00   0.109652E+03   0.109652E+03
   0.589021E-01   0.107357E+03   0.000000E+00   0.108926E+03   0.108926E+03
   0.591656E-01   0.106925E+03   0.000000E+00   0.108203E+03   0.108203E+03
   0.594291E-01   0.107288E+03   0.000000E+00   0.107481E+03   0.107481E+03
   0.596925E-01   0.107492E+03   0.000000E+00   0.106761E+03   0.106761E+03
   0.599560E-01   0.105717E+03   0.000000E+00   0.106044E+03   0.106044E+03
   0.602195E-01   0.105127E+03   0.000000E+00   0.105328E+03   0.105328E+03
   0.604829E-01   0.103850E+03   0.000000E+00   0.104615E+03   0.104615E+03
   0.607464E-01   0.103345E+03   0.000000E+00   0.103904E+03   0.103904E+03
   0.610098E-01   0.102572E+03   0.000000E+00   0.103195E+03   0.103195E+03
   0.612733E-01   0.104048E+03   0.000000E+00   0.102489E+03   0.102489E+03
   0.615368E-01   0.102999E+03   0.000000E+00   0.101785E+03   0.101785E+03
   0.618002E-01   0.101275E+03   0.000000E+00   0.101083E+03   0.101083E+03
   0.620637E-01   0.100456E+03   0.000000E+00   0.100384E+03   0.100384E+03
   0.623272E-01   0.986890E+02   0.000000E+00   0.996864E+02   0.996864E+02
   0.625906E-01   0.990998E+02   0.000000E+00   0.989920E+02   0.989920E+02
   0.628541E-01   0.978370E+02   0.000000E+00   0.982999E+02   0.982999E+02
   0.631176E-01   0.956070E+02   0.000000E+00   0.976100E+02   0.976100E+02
   0.633810E-01   0.962122E+02   0.000000E+00   0.969231E+02   0.969231E+02
   0.636445E-01   0.952964E+02   0.000000E+00   0.962384E+02   0.962384E+02
   0.639080E-01   0.954036E+02   0.000000E+00   0.955563E+02   0.955563E+02
   0.641714E-01   0.953644E+02   0.000000E+00   0.948770E+02   0.948770E+02
   0.644349E-01   0.946612E+02   0.000000E+00   0.942001E+02   0.942001E+02
   0.646984E-01   0.924664E+02   0.000000E+00   0.935259E+02   0.935259E+02
   0.649618E-01   0.928500E+02   0.000000E+00   0.928546E+02   0.928546E+02
   0.652253E-01   0.922256E+02   0.000000E+00   0.921857E+02   0.921857E+02
   0.654888E-01   0.913750E+02   0.000000E+00   0.915195E+02   0.915195E+02
   0.657522E-01   0.898830E+02   0.000000E+00   0.908563E+02   0.908563E+02
   0.660157E-01   0.910786E+02   0.000000E+00   0.901956E+02   0.901956E+02
   0.662792E-01   0.907562E+02   0.000000E+00   0.895377E+02   0.895377E+02
   0.665426E-01   0.905458E+02   0.000000E+00   0.888829E+02   0.888829E+02
   0.668061E-01   0.871838E+02   0.000000E+00   0.882306E+02   0.882306E+02
   0.670696E-01   0.872636E+02   0.000000E+00   0.875812E+02   0.875812E+02
   0.673330E-01   0.861358E+02   0.000000E+00   0.869349E+02   0.869349E+02
   0.675965E-01   0.851428E+02   0.000000E+00   0.862912E+02   0.862912E+02
   0.678600E-01   0.854694E+02   0.000000E+00   0.856504E+02   0.856504E+02
   0.681234E-01   0.852404E+02   0.000000E+00   0.850128E+02   0.850128E+02
   0.683869E-01   0.852384E+02   0.000000E+00   0.843779E+02   0.843779E+02
   0.686503E-01   0.838074E+02   0.000000E+00   0.837462E+02   0.837462E+02
   0.689138E-01   0.830868E+02   0.000000E+00   0.831173E+02   0.831173E+02
   0.691773E-01   0.829492E+02   0.000000E+00   0.824913E+02   0.824913E+02
   0.694407E-01   0.817382E+02   0.000000E+00   0.818686E+02   0.818686E+02
   0.697042E-01   0.805568E+02   0.000000E+00   0.812487E+02   0.812487E+02
   0.699677E-01   0.799134E+02   0.000000E+00   0.806319E+02   0.806319E+02
   0.702311E-01   0.803468E+02   0.000000E+00   0.800183E+02   0.800183E+02
   0.704946E-01   0.795942E+02   0.000000E+00   0.794076E+02   0.794076E+02
   0.707581E-01   0.781210E+02   0.000000E+00   0.788000E+02   0.788000E+02
   0.710215E-01   0.776962E+02   0.000000E+00   0.781957E+02   0.781957E+02
   0.712850E-01   0.777104E+02   0.000000E+00   0.775942E+02   0.775942E+02
   0.715485E-01   0.781682E+02   0.000000E+00   0.769960E+02   0.769960E+02
   0.718119E-01   0.767236E+02   0.000000E+00   0.764011E+02   0.764011E+02
   0.720754E-01   0.748098E+02   0.000000E+00   0.758091E+02   0.758091E+02
   0.723389E-01   0.743652E+02   0.000000E+00   0.752203E+02   0.752203E+02
   0.726023E-01   0.742074E+02   0.000000E+00   0.746349E+02   0.746349E+02
   0.728658E-01   0.730810E+02   0.000000E+00   0.740525E+02   0.740525E+02
   0.731293E-01   0.747730E+02   0.000000E+00   0.734732E+02   0.734732E+02
   0.733927E-01   0.734654E+02   0.000000E+00   0.728974E+02   0.728974E+02
   0.736562E-01   0.728596E+02   0.000000E+00   0.723246E+02   0.723246E+02
   0.739197E-01   0.726516E+02   0.000000E+00   0.717551E+02   0.717551E+02
   0.741831E-01   0.726340E+02   0.000000E+00   0.711890E+02   0.711890E+02
   0.744466E-01   0.708550E+02   0.000000E+00   0.706259E+02   0.706259E+02
   0.747101E-01   0.707858E+02   0.000000E+00   0.700661E+02   0.700661E+02
   0.749735E-01   0.697708E+02   0.000000E+00   0.695097E+02   0.695097E+02
   0.752370E-01   0.692226E+02   0.000000E+00   0.689565E+02   0.689565E+02
   0.755004E-01   0.671876E+02   0.000000E+00   0.684067E+02   0.684067E+02
   0.757639E-01   0.674476E+02   0.000000E+00   0.678599E+02   0.678599E+02
   0.760274E-01   0.670958E+02   0.000000E+00   0.673165E+02   0.673165E+02
   0.762908E-01   0.665226E+02   0.000000E+00   0.667766E+02   0.667766E+02
   0.765543E-01   0.667656E+02   0.000000E+00   0.662398E+02   0.662398E+02
   0.768178E-01   0.662626E+02   0.000000E+00   0.657062E+02   0.657062E+02
   0.770812E-01   0.647450E+02   0.000000E+00   0.651762E+02   0.651762E+02
   0.773447E-01   0.639386E+02   0.000000E+00   0.646493E+02   0.646493E+02
   0.776082E-01   0.640070E+02   0.000000E+00   0.641257E+02   0.641257E+02
   0.778716E-01   0.638096E+02   0.000000E+00   0.636057E+02   0.636057E+02
   0.781351E-01   0.636130E+02   0.000000E+00   0.630887E+02   0.630887E+02
   0.783986E-01   0.642960E+02   0.000000E+00   0.625751E+02   0.625751E+02
   0.786620E-01   0.617298E+02   0.000000E+00   0.620651E+02   0.620651E+02
   0.789255E-01   0.608924E+02   0.000000E+00   0.615581E+02   0.615581E+02
   0.791890E-01   0.611476E+02   0.000000E+00   0.610545E+02   0.610545E+02
   0.794524E-01   0.616496E+02   0.000000E+00   0.605544E+02   0.605544E+02
   0.797159E-01   0.601360E+02   0.000000E+00   0.600574E+02   0.600574E+02
   0.799794E-01   0.592828E+02   0.000000E+00   0.595638E+02   0.595638E+02
   0.802428E-01   0.585170E+02   0.000000E+00   0.590737E+02   0.590737E+02
   0.805063E-01   0.579516E+02   0.000000E+00   0.585868E+02   0.585868E+02
   0.807698E-01   0.583384E+02   0.000000E+00   0.581032E+02   0.581032E+02
   0.810332E-01   0.582636E+02   0.000000E+00   0.576230E+02   0.576230E+02
   0.812967E-01   0.589470E+02   0.000000E+00   0.571461E+02   0.571461E+02
   0.815602E-01   0.583854E+02   0.000000E+00   0.566724E+02   0.566724E+02
   0.818236E-01   0.568602E+02   0.000000E+00   0.562023E+02   0.562023E+02
   0.820871E-01   0.568594E+02   0.000000E+00   0.557353E+02   0.557353E+02
   0.823505E-01   0.556062E+02   0.000000E+00   0.552718E+02   0.552718E+02
   0.826140E-01   0.545168E+02   0.000000E+00   0.548115E+02   0.548115E+02
   0.828775E-01   0.531612E+02   0.000000E+00   0.543544E+02   0.543544E+02
   0.831409E-01   0.532514E+02   0.000000E+00   0.539009E+02   0.539009E+02
   0.834044E-01   0.528496E+02   0.000000E+00   0.534504E+02   0.534504E+02
   0.836679E-01   0.535412E+02   0.000000E+00   0.530033E+02   0.530033E+02
   0.839313E-01   0.527082E+02   0.000000E+00   0.525596E+02   0.525596E+02
   0.841948E-01   0.512842E+02   0.000000E+00   0.521191E+02   0.521191E+02
   0.844583E-01   0.516078E+02   0.000000E+00   0.516818E+02   0.516818E+02
   0.847217E-01   0.513178E+02   0.000000E+00   0.512480E+02   0.512480E+02
   0.849852E-01   0.500240E+02   0.000000E+00   0.508172E+02   0.508172E+02
   0.852487E-01   0.489944E+02   0.000000E+00   0.503898E+02   0.503898E+02
   0.855121E-01   0.495802E+02   0.000000E+00   0.499657E+02   0.499657E+02
   0.857756E-01   0.500582E+02   0.000000E+00   0.495448E+02   0.495448E+02
   0.860391E-01   0.498824E+02   0.000000E+00   0.491271E+02   0.491271E+02
   0.863025E-01   0.493974E+02   0.000000E+00   0.487127E+02   0.487127E+02
   0.865660E-01   0.493740E+02   0.000000E+00   0.483015E+02   0.483015E+02
   0.868295E-01   0.479500E+02   0.000000E+00   0.478935E+02   0.478935E+02
   0.870929E-01   0.476110E+02   0.000000E+00   0.474888E+02   0.474888E+02
   0.873564E-01   0.472718E+02   0.000000E+00   0.470872E+02   0.470872E+02
   0.876199E-01   0.470048E+02   0.000000E+00   0.466888E+02   0.466888E+02
   0.878833E-01   0.468760E+02   0.000000E+00   0.462937E+02   0.462937E+02
   0.881468E-01   0.464954E+02   0.000000E+00   0.459016E+02   0.459016E+02
   0.884103E-01   0.463648E+02   0.000000E+00   0.455127E+02   0.455127E+02
   0.886737E-01   0.457428E+02   0.000000E+00   0.451271E+02   0.451271E+02
   0.889372E-01   0.442220E+02   0.000000E+00   0.447445E+02   0.447445E+02
   0.892007E-01   0.438938E+02   0.000000E+00   0.443650E+02   0.443650E+02
   0.894641E-01   0.434672E+02   0.000000E+00   0.439888E+02   0.439888E+02
   0.897276E-01   0.433458E+02   0.000000E+00   0.436156E+02   0.436156E+02
   0.899910E-01   0.429306E+02   0.000000E+00   0.432455E+02   0.432455E+02
   0.902545E-01   0.428962E+02   0.000000E+00   0.428785E+02   0.428785E+02
   0.905180E-01   0.421804E+02   0.000000E+00   0.425145E+02   0.425145E+02
   0.907814E-01   0.425684E+02   0.000000E+00   0.421537E+02   0.421537E+02
   0.910449E-01   0.423188E+02   0.000000E+00   0.417959E+02   0.417959E+02
   0.913084E-01   0.420116E+02   0.000000E+00   0.414411E+02   0.414411E+02
   0.915718E-01   0.419692E+02   0.000000E+00   0.410894E+02   0.410894E+02
   0.918353E-01   0.405486E+02   0.000000E+00   0.407406E+02   0.407406E+02
   0.920988E-01   0.400840E+02   0.000000E+00   0.403948E+02   0.403948E+02
   0.923622E-01   0.397924E+02   0.000000E+00   0.400522E+02   0.400522E+02
   0.926257E-01   0.396612E+02   0.000000E+00   0.397124E+02   0.397124E+02
   0.928892E-01   0.388674E+02   0.000000E+00   0.393755E+02   0.393755E+02
   0.931526E-01   0.395438E+02   0.000000E+00   0.390417E+02   0.390417E+02
   0.934161E-01   0.396936E+02   0.000000E+00   0.387108E+02   0.387108E+02
   0.936796E-01   0.398700E+02   0.000000E+00   0.383827E+02   0.383827E+02
   0.939430E-01   0.383390E+02   0.000000E+00   0.380577E+02   0.380577E+02
   0.942065E-01   0.359114E+02   0.000000E+00   0.377354E+02   0.377354E+02
   0.944700E-01   0.360732E+02   0.000000E+00   0.374160E+02   0.374160E+02
   0.947334E-01   0.375724E+02   0.000000E+00   0.370996E+02   0.370996E+02
   0.949969E-01   0.374100E+02   0.000000E+00   0.367860E+02   0.367860E+02
   0.952604E-01   0.363516E+02   0.000000E+00   0.364752E+02   0.364752E+02
   0.955238E-01   0.356424E+02   0.000000E+00   0.361673E+02   0.361673E+02
   0.957873E-01   0.363702E+02   0.000000E+00   0.358620E+02   0.358620E+02
   0.960508E-01   0.364272E+02   0.000000E+00   0.355596E+02   0.355596E+02
   0.963142E-01   0.373350E+02   0.000000E+00   0.352600E+02   0.352600E+02
   0.965777E-01   0.361128E+02   0.000000E+00   0.349631E+02   0.349631E+02
   0.968411E-01   0.345384E+02   0.000000E+00   0.346691E+02   0.346691E+02
   0.971046E-01   0.337876E+02   0.000000E+00   0.343776E+02   0.343776E+02
   0.973681E-01   0.338262E+02   0.000000E+00   0.340889E+02   0.340889E+02
   0.976315E-01   0.336766E+02   0.000000E+00   0.338029E+02   0.338029E+02
   0.978950E-01   0.333926E+02   0.000000E+00   0.335195E+02   0.335195E+02
   0.981585E-01   0.327204E+02   0.000000E+00   0.332388E+02   0.332388E+02
   0.984219E-01   0.325444E+02   0.000000E+00   0.329608E+02   0.329608E+02
   0.986854E-01   0.311932E+02   0.000000E+00   0.326854E+02   0.326854E+02
   0.989489E-01   0.304374E+02   0.000000E+00   0.324125E+02   0.324125E+02
   0.992123E-01   0.312900E+02   0.000000E+00   0.321423E+02   0.321423E+02
   0.994758E-01   0.315346E+02   0.000000E+00   0.318746E+02   0.318746E+02
   0.997393E-01   0.323904E+02   0.000000E+00   0.316095E+02   0.316095E+02
   0.100003E+00   0.319006E+02   0.000000E+00   0.313467E+02   0.313467E+02
   0.100266E+00   0.321358E+02   0.000000E+00   0.310871E+02   0.310871E+02
   0.100530E+00   0.311438E+02   0.000000E+00   0.308290E+02   0.308290E+02
   0.100793E+00   0.317030E+02   0.000000E+00   0.305744E+02   0.305744E+02
   0.101057E+00   0.317292E+02   0.000000E+00   0.303213E+02   0.303213E+02
   0.101320E+00   0.308628E+02   0.000000E+00   0.300716E+02   0.300716E+02
   0.101584E+00   0.304558E+02   0.000000E+00   0.298234E+02   0.298234E+02
   0.101847E+00   0.303420E+02   0.000000E+00   0.295786E+02   0.295786E+02
   0.102110E+00   0.293280E+02   0.000000E+00   0.293361E+02   0.293361E+02
   0.102374E+00   0.292290E+02   0.000000E+00   0.290951E+02   0.290951E+02
   0.102637E+00   0.286678E+02   0.000000E+00   0.288574E+02   0.288574E+02
   0.102901E+00   0.280538E+02   0.000000E+00   0.286211E+02   0.286211E+02
   0.103164E+00   0.282718E+02   0.000000E+00   0.283880E+02   0.283880E+02
   0.103428E+00   0.289064E+02   0.000000E+00   0.281564E+02   0.281564E+02
   0.103691E+00   0.289546E+02   0.000000E+00   0.279279E+02   0.279279E+02
   0.103955E+00   0.280426E+02   0.000000E+00   0.277008E+02   0.277008E+02
   0.104218E+00   0.280006E+02   0.000000E+00   0.274768E+02   0.274768E+02
   0.104482E+00   0.283834E+02   0.000000E+00   0.272543E+02   0.272543E+02
   0.104745E+00   0.272214E+02   0.000000E+00   0.270347E+02   0.270347E+02
   0.105009E+00   0.266172E+02   0.000000E+00   0.268166E+02   0.268166E+02
   0.105272E+00   0.259980E+02   0.000000E+00   0.266015E+02   0.266015E+02
   0.105536E+00   0.265374E+02   0.000000E+00   0.263877E+02   0.263877E+02
   0.105799E+00   0.255022E+02   0.000000E+00   0.261768E+02   0.261768E+02
   0.106062E+00   0.262780E+02   0.000000E+00   0.259681E+02   0.259681E+02
   0.106326E+00   0.252072E+02   0.000000E+00   0.257607E+02   0.257607E+02
   0.106589E+00   0.252682E+02   0.000000E+00   0.255562E+02   0.255562E+02
   0.106853E+00   0.253556E+02   0.000000E+00   0.253529E+02   0.253529E+02
   0.107116E+00   0.252466E+02   0.000000E+00   0.251525E+02   0.251525E+02
   0.107380E+00   0.252310E+02   0.000000E+00   0.249534E+02   0.249534E+02
   0.107643E+00   0.253788E+02   0.000000E+00   0.247570E+02   0.247570E+02
   0.107907E+00   0.249104E+02   0.000000E+00   0.245619E+02   0.245619E+02
   0.108170E+00   0.243400E+02   0.000000E+00   0.243695E+02   0.243695E+02
   0.108434E+00   0.243124E+02   0.000000E+00   0.241784E+02   0.241784E+02
   0.108697E+00   0.241060E+02   0.000000E+00   0.239899E+02   0.239899E+02
   0.108961E+00   0.235440E+02   0.000000E+00   0.238026E+02   0.238026E+02
   0.109224E+00   0.233896E+02   0.000000E+00   0.236180E+02   0.236180E+02
   0.109487E+00   0.237336E+02   0.000000E+00   0.234352E+02   0.234352E+02
   0.109751E+00   0.232334E+02   0.000000E+00   0.232536E+02   0.232536E+02
   0.110014E+00   0.229006E+02   0.000000E+00   0.230746E+02   0.230746E+02
   0.110278E+00   0.226806E+02   0.000000E+00   0.228967E+02   0.228967E+02
   0.110541E+00   0.225778E+02   0.000000E+00   0.227213E+02   0.227213E+02
   0.110805E+00   0.223550E+02   0.000000E+00   0.225470E+02   0.225470E+02
   0.111068E+00   0.222734E+02   0.000000E+00   0.223752E+02   0.223752E+02
   0.111332E+00   0.220868E+02   0.000000E+00   0.222045E+02   0.222045E+02
   0.111595E+00   0.217580E+02   0.000000E+00   0.220362E+02   0.220362E+02
   0.111859E+00   0.217588E+02   0.000000E+00   0.218690E+02   0.218690E+02
   0.112122E+00   0.220264E+02   0.000000E+00   0.217041E+02   0.217041E+02
   0.112386E+00   0.218018E+02   0.000000E+00   0.215403E+02   0.215403E+02
   0.112649E+00   0.214588E+02   0.000000E+00   0.213788E+02   0.213788E+02
   0.112913E+00   0.214926E+02   0.000000E+00   0.212184E+02   0.212184E+02
   0.113176E+00   0.211772E+02   0.000000E+00   0.210602E+02   0.210602E+02
   0.113439E+00   0.207864E+02   0.000000E+00   0.209036E+02   0.209036E+02
   0.113703E+00   0.206446E+02   0.000000E+00   0.207480E+02   0.207480E+02
   0.113966E+00   0.205782E+02   0.000000E+00   0.205946E+02   0.205946E+02
   0.114230E+00   0.204004E+02   0.000000E+00   0.204422E+02   0.204422E+02
   0.114493E+00   0.206044E+02   0.000000E+00   0.202920E+02   0.202920E+02
   0.114757E+00   0.200120E+02   0.000000E+00   0.201427E+02   0.201427E+02
   0.115020E+00   0.197924E+02   0.000000E+00   0.199955E+02   0.199955E+02
   0.115284E+00   0.197445E+02   0.000000E+00   0.198492E+02   0.198492E+02
   0.115547E+00   0.196084E+02   0.000000E+00   0.197050E+02   0.197050E+02
   0.115811E+00   0.195341E+02   0.000000E+00   0.195618E+02   0.195618E+02
   0.116074E+00   0.191647E+02   0.000000E+00   0.194205E+02   0.194205E+02
   0.116338E+00   0.190631E+02   0.000000E+00   0.192801E+02   0.192801E+02
   0.116601E+00   0.192171E+02   0.000000E+00   0.191417E+02   0.191417E+02
   0.116865E+00   0.189438E+02   0.000000E+00   0.190042E+02   0.190042E+02
   0.117128E+00   0.187398E+02   0.000000E+00   0.188685E+02   0.188685E+02
   0.117391E+00   0.187411E+02   0.000000E+00   0.187343E+02   0.187343E+02
   0.117655E+00   0.183986E+02   0.000000E+00   0.186009E+02   0.186009E+02
   0.117918E+00   0.181301E+02   0.000000E+00   0.184693E+02   0.184693E+02
   0.118182E+00   0.183429E+02   0.000000E+00   0.183386E+02   0.183386E+02
   0.118445E+00   0.183847E+02   0.000000E+00   0.182097E+02   0.182097E+02
   0.118709E+00   0.182686E+02   0.000000E+00   0.180816E+02   0.180816E+02
   0.118972E+00   0.178902E+02   0.000000E+00   0.179553E+02   0.179553E+02
   0.119236E+00   0.178063E+02   0.000000E+00   0.178297E+02   0.178297E+02
   0.119499E+00   0.175032E+02   0.000000E+00   0.177059E+02   0.177059E+02
   0.119763E+00   0.177555E+02   0.000000E+00   0.175828E+02   0.175828E+02
   0.120026E+00   0.175217E+02   0.000000E+00   0.174614E+02   0.174614E+02
   0.120290E+00   0.171304E+02   0.000000E+00   0.173408E+02   0.173408E+02
   0.120553E+00   0.168440E+02   0.000000E+00   0.172218E+02   0.172218E+02
   0.120817E+00   0.168980E+02   0.000000E+00   0.171036E+02   0.171036E+02
   0.121080E+00   0.167198E+02   0.000000E+00   0.169869E+02   0.169869E+02
   0.121343E+00   0.167756E+02   0.000000E+00   0.168714E+02   0.168714E+02
   0.121607E+00   0.167172E+02   0.000000E+00   0.167566E+02   0.167566E+02
   0.121870E+00   0.164170E+02   0.000000E+00   0.166434E+02   0.166434E+02
   0.122134E+00   0.159882E+02   0.000000E+00   0.165308E+02   0.165308E+02
   0.122397E+00   0.160448E+02   0.000000E+00   0.164197E+02   0.164197E+02
   0.122661E+00   0.160933E+02   0.000000E+00   0.163093E+02   0.163093E+02
   0.122924E+00   0.163157E+02   0.000000E+00   0.162004E+02   0.162004E+02
   0.123188E+00   0.161607E+02   0.000000E+00   0.160921E+02   0.160921E+02
   0.123451E+00   0.159161E+02   0.000000E+00   0.159853E+02   0.159853E+02
   0.123715E+00   0.155537E+02   0.000000E+00   0.158791E+02   0.158791E+02
   0.123978E+00   0.153903E+02   0.000000E+00   0.157742E+02   0.157742E+02
   0.124242E+00   0.158626E+02   0.000000E+00   0.156700E+02   0.156700E+02
   0.124505E+00   0.155698E+02   0.000000E+00   0.155672E+02   0.155672E+02
   0.124768E+00   0.150615E+02   0.000000E+00   0.154653E+02   0.154653E+02
   0.125032E+00   0.147420E+02   0.000000E+00   0.153640E+02   0.153640E+02
   0.125295E+00   0.147873E+02   0.000000E+00   0.152640E+02   0.152640E+02
   0.125559E+00   0.149497E+02   0.000000E+00   0.151646E+02   0.151646E+02
   0.125822E+00   0.149883E+02   0.000000E+00   0.150665E+02   0.150665E+02
   0.126086E+00   0.147424E+02   0.000000E+00   0.149690E+02   0.149690E+02
   0.126349E+00   0.146178E+02   0.000000E+00   0.148725E+02   0.148725E+02
   0.126613E+00   0.143408E+02   0.000000E+00   0.147767E+02   0.147767E+02
   0.126876E+00   0.144931E+02   0.000000E+00   0.146821E+02   0.146821E+02
   0.127140E+00   0.147271E+02   0.000000E+00   0.145880E+02   0.145880E+02
   0.127403E+00   0.146284E+02   0.000000E+00   0.144951E+02   0.144951E+02
   0.127667E+00   0.142660E+02   0.000000E+00   0.144027E+02   0.144027E+02
   0.127930E+00   0.140906E+02   0.000000E+00   0.143115E+02   0.143115E+02
   0.128194E+00   0.136939E+02   0.000000E+00   0.142208E+02   0.142208E+02
   0.128457E+00   0.137016E+02   0.000000E+00   0.141311E+02   0.141311E+02
   0.128720E+00   0.136597E+02   0.000000E+00   0.140423E+02   0.140423E+02
   0.128984E+00   0.136235E+02   0.000000E+00   0.139539E+02   0.139539E+02
   0.129247E+00   0.133610E+02   0.000000E+00   0.138666E+02   0.138666E+02
   0.129511E+00   0.133820E+02   0.000000E+00   0.137798E+02   0.137798E+02
   0.129774E+00   0.136803E+02   0.000000E+00   0.136940E+02   0.136940E+02
   0.130038E+00   0.139336E+02   0.000000E+00   0.136086E+02   0.136086E+02
   0.130301E+00   0.139460E+02   0.000000E+00   0.135243E+02   0.135243E+02
   0.130565E+00   0.133629E+02   0.000000E+00   0.134403E+02   0.134403E+02
   0.130828E+00   0.130316E+02   0.000000E+00   0.133574E+02   0.133574E+02
   0.131092E+00   0.130761E+02   0.000000E+00   0.132749E+02   0.132749E+02
   0.131355E+00   0.127482E+02   0.000000E+00   0.131934E+02   0.131934E+02
   0.131619E+00   0.128927E+02   0.000000E+00   0.131122E+02   0.131122E+02
   0.131882E+00   0.127797E+02   0.000000E+00   0.130320E+02   0.130320E+02
   0.132146E+00   0.126842E+02   0.000000E+00   0.129522E+02   0.129522E+02
   0.132409E+00   0.128469E+02   0.000000E+00   0.128733E+02   0.128733E+02
   0.132672E+00   0.125595E+02   0.000000E+00   0.127950E+02   0.127950E+02
   0.132936E+00   0.124800E+02   0.000000E+00   0.127171E+02   0.127171E+02
   0.133199E+00   0.126957E+02   0.000000E+00   0.126401E+02   0.126401E+02
   0.133463E+00   0.125483E+02   0.000000E+00   0.125634E+02   0.125634E+02
   0.133726E+00   0.120975E+02   0.000000E+00   0.124876E+02   0.124876E+02
   0.133990E+00   0.120173E+02   0.000000E+00   0.124121E+02   0.124121E+02
   0.134253E+00   0.122192E+02   0.000000E+00   0.123375E+02   0.123375E+02
   0.134517E+00   0.121535E+02   0.000000E+00   0.122632E+02   0.122632E+02
   0.134780E+00   0.120380E+02   0.000000E+00   0.121897E+02   0.121897E+02
   0.135044E+00   0.116161E+02   0.000000E+00   0.121165E+02   0.121165E+02
   0.135307E+00   0.117031E+02   0.000000E+00   0.120442E+02   0.120442E+02
   0.135571E+00   0.118528E+02   0.000000E+00   0.119721E+02   0.119721E+02
   0.135834E+00   0.116359E+02   0.000000E+00   0.119008E+02   0.119008E+02
   0.136097E+00   0.114631E+02   0.000000E+00   0.118301E+02   0.118301E+02
   0.136361E+00   0.115416E+02   0.000000E+00   0.117596E+02   0.117596E+02
   0.136624E+00   0.114541E+02   0.000000E+00   0.116898E+02   0.116898E+02
   0.136888E+00   0.113087E+02   0.000000E+00   0.116204E+02   0.116204E+02
   0.137151E+00   0.112417E+02   0.000000E+00   0.115517E+02   0.115517E+02
   0.137415E+00   0.114132E+02   0.000000E+00   0.114832E+02   0.114832E+02
   0.137678E+00   0.112000E+02   0.000000E+00   0.114155E+02   0.114155E+02
   0.137942E+00   0.111938E+02   0.000000E+00   0.113479E+02   0.113479E+02
   0.138205E+00   0.112201E+02   0.000000E+00   0.112812E+02   0.112812E+02
   0.138469E+00   0.110578E+02   0.000000E+00   0.112146E+02   0.112146E+02
   0.138732E+00   0.108207E+02   0.000000E+00   0.111487E+02   0.111487E+02
   0.138996E+00   0.107521E+02   0.000000E+00   0.110831E+02   0.110831E+02
   0.139259E+00   0.107947E+02   0.000000E+00   0.110181E+02   0.110181E+02
   0.139523E+00   0.110630E+02   0.000000E+00   0.109533E+02   0.109533E+02
   0.139786E+00   0.110096E+02   0.000000E+00   0.108893E+02   0.108893E+02
   0.140049E+00   0.107015E+02   0.000000E+00   0.108256E+02   0.108256E+02
   0.140313E+00   0.104239E+02   0.000000E+00   0.107621E+02   0.107621E+02
   0.140576E+00   0.103175E+02   0.000000E+00   0.106993E+02   0.106993E+02
   0.140840E+00   0.106469E+02   0.000000E+00   0.106367E+02   0.106367E+02
   0.141103E+00   0.106971E+02   0.000000E+00   0.105746E+02   0.105746E+02
   0.141367E+00   0.104174E+02   0.000000E+00   0.105128E+02   0.105128E+02
   0.141630E+00   0.103486E+02   0.000000E+00   0.104516E+02   0.104516E+02
   0.141894E+00   0.104371E+02   0.000000E+00   0.103905E+02   0.103905E+02
   0.142157E+00   0.103251E+02   0.000000E+00   0.103301E+02   0.103301E+02
   0.142421E+00   0.104268E+02   0.000000E+00   0.102698E+02   0.102698E+02
   0.142684E+00   0.103520E+02   0.000000E+00   0.102101E+02   0.102101E+02
   0.142948E+00   0.102711E+02   0.000000E+00   0.101506E+02   0.101506E+02
   0.143211E+00   0.101048E+02   0.000000E+00   0.100916E+02   0.100916E+02
   0.143475E+00   0.102416E+02   0.000000E+00   0.100328E+02   0.100328E+02
   0.143738E+00   0.986724E+01   0.000000E+00   0.997460E+01   0.997460E+01
   0.144001E+00   0.100611E+02   0.000000E+00   0.991672E+01   0.991672E+01
   0.144265E+00   0.997670E+01   0.000000E+00   0.985896E+01   0.985896E+01
   0.144528E+00   0.964944E+01   0.000000E+00   0.980177E+01   0.980177E+01
   0.144792E+00   0.982996E+01   0.000000E+00   0.974470E+01   0.974470E+01
   0.145055E+00   0.957954E+01   0.000000E+00   0.968818E+01   0.968818E+01
   0.145319E+00   0.967598E+01   0.000000E+00   0.963177E+01   0.963177E+01
   0.145582E+00   0.960826E+01   0.000000E+00   0.957591E+01   0.957591E+01
   0.145846E+00   0.938294E+01   0.000000E+00   0.952016E+01   0.952016E+01
   0.146109E+00   0.935838E+01   0.000000E+00   0.946493E+01   0.946493E+01
   0.146373E+00   0.928180E+01   0.000000E+00   0.940982E+01   0.940982E+01
   0.146636E+00   0.928724E+01   0.000000E+00   0.935522E+01   0.935522E+01
   0.146900E+00   0.932748E+01   0.000000E+00   0.930072E+01   0.930072E+01
   0.147163E+00   0.929946E+01   0.000000E+00   0.924674E+01   0.924674E+01
   0.147427E+00   0.895854E+01   0.000000E+00   0.919286E+01   0.919286E+01
   0.147690E+00   0.910448E+01   0.000000E+00   0.913947E+01   0.913947E+01
   0.147953E+00   0.926932E+01   0.000000E+00   0.908638E+01   0.908638E+01
   0.148217E+00   0.902162E+01   0.000000E+00   0.903338E+01   0.903338E+01
   0.148480E+00   0.902012E+01   0.000000E+00   0.898087E+01   0.898087E+01
   0.148744E+00   0.919220E+01   0.000000E+00   0.892845E+01   0.892845E+01
   0.149007E+00   0.899384E+01   0.000000E+00   0.887651E+01   0.887651E+01
   0.149271E+00   0.896274E+01   0.000000E+00   0.882465E+01   0.882465E+01
   0.149534E+00   0.921970E+01   0.000000E+00   0.877327E+01   0.877327E+01
   0.149798E+00   0.889844E+01   0.000000E+00   0.872197E+01   0.872197E+01
   0.150061E+00   0.853122E+01   0.000000E+00   0.867113E+01   0.867113E+01
   0.150325E+00   0.854622E+01   0.000000E+00   0.862038E+01   0.862038E+01
   0.150588E+00   0.855774E+01   0.000000E+00   0.857008E+01   0.857008E+01
   0.150852E+00   0.834788E+01   0.000000E+00   0.851985E+01   0.851985E+01
   0.151115E+00   0.832200E+01   0.000000E+00   0.847008E+01   0.847008E+01
   0.151378E+00   0.823876E+01   0.000000E+00   0.842057E+01   0.842057E+01
   0.151642E+00   0.830226E+01   0.000000E+00   0.837113E+01   0.837113E+01
   0.151905E+00   0.833618E+01   0.000000E+00   0.832213E+01   0.832213E+01
   0.152169E+00   0.818714E+01   0.000000E+00   0.827320E+01   0.827320E+01
   0.152432E+00   0.845328E+01   0.000000E+00   0.822471E+01   0.822471E+01
   0.152696E+00   0.832608E+01   0.000000E+00   0.817628E+01   0.817628E+01
   0.152959E+00   0.826558E+01   0.000000E+00   0.812828E+01   0.812828E+01
   0.153223E+00   0.821032E+01   0.000000E+00   0.808035E+01   0.808035E+01
   0.153486E+00   0.811608E+01   0.000000E+00   0.803285E+01   0.803285E+01
   0.153750E+00   0.791450E+01   0.000000E+00   0.798540E+01   0.798540E+01
   0.154013E+00   0.801074E+01   0.000000E+00   0.793838E+01   0.793838E+01
   0.154277E+00   0.813042E+01   0.000000E+00   0.789142E+01   0.789142E+01
   0.154540E+00   0.799402E+01   0.000000E+00   0.784487E+01   0.784487E+01
   0.154804E+00   0.784468E+01   0.000000E+00   0.779839E+01   0.779839E+01
   0.155067E+00   0.787878E+01   0.000000E+00   0.775231E+01   0.775231E+01
   0.155330E+00   0.791474E+01   0.000000E+00   0.770647E+01   0.770647E+01
   0.155594E+00   0.795238E+01   0.000000E+00   0.766068E+01   0.766068E+01
   0.155857E+00   0.781680E+01   0.000000E+00   0.761530E+01   0.761530E+01
   0.156121E+00   0.780060E+01   0.000000E+00   0.756997E+01   0.756997E+01
   0.156384E+00   0.784558E+01   0.000000E+00   0.752505E+01   0.752505E+01
   0.156648E+00   0.758322E+01   0.000000E+00   0.748018E+01   0.748018E+01
   0.156911E+00   0.746708E+01   0.000000E+00   0.743569E+01   0.743569E+01
   0.157175E+00   0.739110E+01   0.000000E+00   0.739138E+01   0.739138E+01
   0.157438E+00   0.740966E+01   0.000000E+00   0.734719E+01   0.734719E+01
   0.157702E+00   0.714068E+01   0.000000E+00   0.730327E+01   0.730327E+01
   0.157965E+00   0.698106E+01   0.000000E+00   0.725969E+01   0.725969E+01
   0.158229E+00   0.719128E+01   0.000000E+00   0.721617E+01   0.721617E+01
   0.158492E+00   0.707990E+01   0.000000E+00   0.717302E+01   0.717302E+01
   0.158756E+00   0.707956E+01   0.000000E+00   0.712993E+01   0.712993E+01
   0.159019E+00   0.720298E+01   0.000000E+00   0.708721E+01   0.708721E+01
   0.159282E+00   0.745748E+01   0.000000E+00   0.704472E+01   0.704472E+01
   0.159546E+00   0.703074E+01   0.000000E+00   0.700227E+01   0.700227E+01
   0.159809E+00   0.678410E+01   0.000000E+00   0.696020E+01   0.696020E+01
   0.160073E+00   0.665932E+01   0.000000E+00   0.691819E+01   0.691819E+01
   0.160336E+00   0.687952E+01   0.000000E+00   0.687655E+01   0.687655E+01
   0.160600E+00   0.668808E+01   0.000000E+00   0.683496E+01   0.683496E+01
   0.160863E+00   0.692936E+01   0.000000E+00   0.679374E+01   0.679374E+01
   0.161127E+00   0.686428E+01   0.000000E+00   0.675257E+01   0.675257E+01
   0.161390E+00   0.675678E+01   0.000000E+00   0.671178E+01   0.671178E+01
   0.161654E+00   0.660756E+01   0.000000E+00   0.667103E+01   0.667103E+01
   0.161917E+00   0.655506E+01   0.000000E+00   0.663065E+01   0.663065E+01
   0.162181E+00   0.684826E+01   0.000000E+00   0.659033E+01   0.659033E+01
   0.162444E+00   0.675532E+01   0.000000E+00   0.655036E+01   0.655036E+01
   0.162708E+00   0.642028E+01   0.000000E+00   0.651045E+01   0.651045E+01
   0.162971E+00   0.633882E+01   0.000000E+00   0.647090E+01   0.647090E+01
   0.163234E+00   0.633586E+01   0.000000E+00   0.643155E+01   0.643155E+01
   0.163498E+00   0.635212E+01   0.000000E+00   0.639226E+01   0.639226E+01
   0.163761E+00   0.620588E+01   0.000000E+00   0.635333E+01   0.635333E+01
   0.164025E+00   0.643764E+01   0.000000E+00   0.631445E+01   0.631445E+01
   0.164288E+00   0.665254E+01   0.000000E+00   0.627592E+01   0.627592E+01
   0.164552E+00   0.689104E+01   0.000000E+00   0.623745E+01   0.623745E+01
   0.164815E+00   0.673048E+01   0.000000E+00   0.619933E+01   0.619933E+01
   0.165079E+00   0.622034E+01   0.000000E+00   0.616127E+01   0.616127E+01
   0.165342E+00   0.599172E+01   0.000000E+00   0.612356E+01   0.612356E+01
   0.165606E+00   0.586982E+01   0.000000E+00   0.608590E+01   0.608590E+01
   0.165869E+00   0.598908E+01   0.000000E+00   0.604858E+01   0.604858E+01
   0.166133E+00   0.607048E+01   0.000000E+00   0.601133E+01   0.601133E+01
   0.166396E+00   0.617976E+01   0.000000E+00   0.597442E+01   0.597442E+01
   0.166659E+00   0.622428E+01   0.000000E+00   0.593771E+01   0.593771E+01
   0.166923E+00   0.617456E+01   0.000000E+00   0.590107E+01   0.590107E+01
   0.167186E+00   0.593226E+01   0.000000E+00   0.586476E+01   0.586476E+01
   0.167450E+00   0.590512E+01   0.000000E+00   0.582851E+01   0.582851E+01
   0.167713E+00   0.581396E+01   0.000000E+00   0.579260E+01   0.579260E+01
   0.167977E+00   0.578364E+01   0.000000E+00   0.575677E+01   0.575677E+01
   0.168240E+00   0.601606E+01   0.000000E+00   0.572125E+01   0.572125E+01
   0.168504E+00   0.601612E+01   0.000000E+00   0.568580E+01   0.568580E+01
   0.168767E+00   0.586598E+01   0.000000E+00   0.565069E+01   0.565069E+01
   0.169031E+00   0.571702E+01   0.000000E+00   0.561564E+01   0.561564E+01
   0.169294E+00   0.546820E+01   0.000000E+00   0.558092E+01   0.558092E+01
   0.169558E+00   0.548558E+01   0.000000E+00   0.554627E+01   0.554627E+01
   0.169821E+00   0.541738E+01   0.000000E+00   0.551195E+01   0.551195E+01
   0.170085E+00   0.551998E+01   0.000000E+00   0.547769E+01   0.547769E+01
   0.170348E+00   0.563180E+01   0.000000E+00   0.544376E+01   0.544376E+01
   0.170611E+00   0.535162E+01   0.000000E+00   0.541003E+01   0.541003E+01
   0.170875E+00   0.534396E+01   0.000000E+00   0.537636E+01   0.537636E+01
   0.171138E+00   0.552932E+01   0.000000E+00   0.534302E+01   0.534302E+01
   0.171402E+00   0.522584E+01   0.000000E+00   0.530975E+01   0.530975E+01
   0.171665E+00   0.523328E+01   0.000000E+00   0.527680E+01   0.527680E+01
   0.171929E+00   0.526460E+01   0.000000E+00   0.524392E+01   0.524392E+01
   0.172192E+00   0.532828E+01   0.000000E+00   0.521136E+01   0.521136E+01
   0.172456E+00   0.530380E+01   0.000000E+00   0.517888E+01   0.517888E+01
   0.172719E+00   0.510374E+01   0.000000E+00   0.514671E+01   0.514671E+01
   0.172983E+00   0.494600E+01   0.000000E+00   0.511460E+01   0.511460E+01
   0.173246E+00   0.494108E+01   0.000000E+00   0.508285E+01   0.508285E+01
   0.173510E+00   0.483774E+01   0.000000E+00   0.505112E+01   0.505112E+01
   0.173773E+00   0.495414E+01   0.000000E+00   0.501972E+01   0.501972E+01
   0.174037E+00   0.505456E+01   0.000000E+00   0.498840E+01   0.498840E+01
   0.174300E+00   0.512660E+01   0.000000E+00   0.495740E+01   0.495740E+01
   0.174563E+00   0.490184E+01   0.000000E+00   0.492658E+01   0.492658E+01
   0.174827E+00   0.485084E+01   0.000000E+00   0.489584E+01   0.489584E+01
   0.175090E+00   0.483964E+01   0.000000E+00   0.486541E+01   0.486541E+01
   0.175354E+00   0.482858E+01   0.000000E+00   0.483505E+01   0.483505E+01
   0.175617E+00   0.479292E+01   0.000000E+00   0.480500E+01   0.480500E+01
   0.175881E+00   0.487694E+01   0.000000E+00   0.477503E+01   0.477503E+01
   0.176144E+00   0.506072E+01   0.000000E+00   0.474536E+01   0.474536E+01
   0.176408E+00   0.491156E+01   0.000000E+00   0.471577E+01   0.471577E+01
   0.176671E+00   0.473954E+01   0.000000E+00   0.468648E+01   0.468648E+01
   0.176935E+00   0.462544E+01   0.000000E+00   0.465728E+01   0.465728E+01
   0.177198E+00   0.463206E+01   0.000000E+00   0.462837E+01   0.462837E+01
   0.177462E+00   0.470772E+01   0.000000E+00   0.459954E+01   0.459954E+01
   0.177725E+00   0.451632E+01   0.000000E+00   0.457101E+01   0.457101E+01
   0.177989E+00   0.447096E+01   0.000000E+00   0.454256E+01   0.454256E+01
   0.178252E+00   0.440214E+01   0.000000E+00   0.451440E+01   0.451440E+01
   0.178515E+00   0.437426E+01   0.000000E+00   0.448643E+01   0.448643E+01
   0.178779E+00   0.430514E+01   0.000000E+00   0.445855E+01   0.445855E+01
   0.179042E+00   0.439010E+01   0.000000E+00   0.443095E+01   0.443095E+01
   0.179306E+00   0.425086E+01   0.000000E+00   0.440344E+01   0.440344E+01
   0.179569E+00   0.421666E+01   0.000000E+00   0.437622E+01   0.437622E+01
   0.179833E+00   0.443092E+01   0.000000E+00   0.434908E+01   0.434908E+01
   0.180096E+00   0.453222E+01   0.000000E+00   0.432223E+01   0.432223E+01
   0.180360E+00   0.439308E+01   0.000000E+00   0.429546E+01   0.429546E+01
   0.180623E+00   0.421670E+01   0.000000E+00   0.426897E+01   0.426897E+01
   0.180887E+00   0.413234E+01   0.000000E+00   0.424257E+01   0.424257E+01
   0.181150E+00   0.416600E+01   0.000000E+00   0.421645E+01   0.421645E+01
   0.181414E+00   0.419326E+01   0.000000E+00   0.419042E+01   0.419042E+01
   0.181677E+00   0.418020E+01   0.000000E+00   0.416467E+01   0.416467E+01
   0.181940E+00   0.423384E+01   0.000000E+00   0.413909E+01   0.413909E+01
   0.182204E+00   0.402154E+01   0.000000E+00   0.411361E+01   0.411361E+01
   0.182467E+00   0.389918E+01   0.000000E+00   0.408840E+01   0.408840E+01
   0.182731E+00   0.398010E+01   0.000000E+00   0.406327E+01   0.406327E+01
   0.182994E+00   0.396780E+01   0.000000E+00   0.403842E+01   0.403842E+01
   0.183258E+00   0.369110E+01   0.000000E+00   0.401365E+01   0.401365E+01
   0.183521E+00   0.396006E+01   0.000000E+00   0.398915E+01   0.398915E+01
   0.183785E+00   0.393858E+01   0.000000E+00   0.396474E+01   0.396474E+01
   0.184048E+00   0.377762E+01   0.000000E+00   0.394060E+01   0.394060E+01
   0.184312E+00   0.385462E+01   0.000000E+00   0.391655E+01   0.391655E+01
   0.184575E+00   0.371978E+01   0.000000E+00   0.389276E+01   0.389276E+01
   0.184839E+00   0.374598E+01   0.000000E+00   0.386905E+01   0.386905E+01
   0.185102E+00   0.375078E+01   0.000000E+00   0.384561E+01   0.384561E+01
   0.185366E+00   0.383092E+01   0.000000E+00   0.382226E+01   0.382226E+01
   0.185629E+00   0.387358E+01   0.000000E+00   0.379917E+01   0.379917E+01
   0.185892E+00   0.371726E+01   0.000000E+00   0.377625E+01   0.377625E+01
   0.186156E+00   0.346354E+01   0.000000E+00   0.375341E+01   0.375341E+01
   0.186419E+00   0.330632E+01   0.000000E+00   0.373083E+01   0.373083E+01
   0.186683E+00   0.349144E+01   0.000000E+00   0.370834E+01   0.370834E+01
   0.186946E+00   0.362018E+01   0.000000E+00   0.368610E+01   0.368610E+01
   0.187210E+00   0.365484E+01   0.000000E+00   0.366395E+01   0.366395E+01
   0.187473E+00   0.367606E+01   0.000000E+00   0.364204E+01   0.364204E+01
   0.187737E+00   0.359996E+01   0.000000E+00   0.362023E+01   0.362023E+01
   0.188000E+00   0.360534E+01   0.000000E+00   0.359866E+01   0.359866E+01
   0.188264E+00   0.368630E+01   0.000000E+00   0.357718E+01   0.357718E+01
   0.188527E+00   0.348278E+01   0.000000E+00   0.355590E+01   0.355590E+01
   0.188791E+00   0.347512E+01   0.000000E+00   0.353478E+01   0.353478E+01
   0.189054E+00   0.337230E+01   0.000000E+00   0.351390E+01   0.351390E+01
   0.189318E+00   0.348076E+01   0.000000E+00   0.349302E+01   0.349302E+01
   0.189581E+00   0.332692E+01   0.000000E+00   0.347247E+01   0.347247E+01
   0.189844E+00   0.331274E+01   0.000000E+00   0.345205E+01   0.345205E+01
   0.190108E+00   0.333814E+01   0.000000E+00   0.343171E+01   0.343171E+01
   0.190371E+00   0.330356E+01   0.000000E+00   0.341161E+01   0.341161E+01
   0.190635E+00   0.331790E+01   0.000000E+00   0.339159E+01   0.339159E+01
   0.190898E+00   0.317364E+01   0.000000E+00   0.337180E+01   0.337180E+01
   0.191162E+00   0.313284E+01   0.000000E+00   0.335210E+01   0.335210E+01
   0.191425E+00   0.296958E+01   0.000000E+00   0.333263E+01   0.333263E+01
   0.191689E+00   0.296976E+01   0.000000E+00   0.331323E+01   0.331323E+01
   0.191952E+00   0.316118E+01   0.000000E+00   0.329407E+01   0.329407E+01
   0.192216E+00   0.307692E+01   0.000000E+00   0.327499E+01   0.327499E+01
   0.192479E+00   0.300206E+01   0.000000E+00   0.325613E+01   0.325613E+01
   0.192743E+00   0.311280E+01   0.000000E+00   0.323735E+01   0.323735E+01
   0.193006E+00   0.307260E+01   0.000000E+00   0.321880E+01   0.321880E+01
   0.193269E+00   0.320344E+01   0.000000E+00   0.320039E+01   0.320039E+01
   0.193533E+00   0.296976E+01   0.000000E+00   0.318207E+01   0.318207E+01
   0.193796E+00   0.290596E+01   0.000000E+00   0.316396E+01   0.316396E+01
   0.194060E+00   0.292816E+01   0.000000E+00   0.314593E+01   0.314593E+01
   0.194323E+00   0.309240E+01   0.000000E+00   0.312812E+01   0.312812E+01
   0.194587E+00   0.316904E+01   0.000000E+00   0.311038E+01   0.311038E+01
   0.194850E+00   0.313440E+01   0.000000E+00   0.309285E+01   0.309285E+01
   0.195114E+00   0.306066E+01   0.000000E+00   0.307541E+01   0.307541E+01
   0.195377E+00   0.307374E+01   0.000000E+00   0.305817E+01   0.305817E+01
   0.195641E+00   0.315880E+01   0.000000E+00   0.304100E+01   0.304100E+01
   0.195904E+00   0.281224E+01   0.000000E+00   0.302405E+01   0.302405E+01
   0.196168E+00   0.273850E+01   0.000000E+00   0.300717E+01   0.300717E+01
   0.196431E+00   0.279412E+01   0.000000E+00   0.299049E+01   0.299049E+01
   0.196695E+00   0.301518E+01   0.000000E+00   0.297389E+01   0.297389E+01
   0.196958E+00   0.293026E+01   0.000000E+00   0.295748E+01   0.295748E+01
   0.197221E+00   0.302726E+01   0.000000E+00   0.294121E+01   0.294121E+01
   0.197485E+00   0.305282E+01   0.000000E+00   0.292501E+01   0.292501E+01
   0.197748E+00   0.281942E+01   0.000000E+00   0.290901E+01   0.290901E+01
   0.198012E+00   0.275152E+01   0.000000E+00   0.289308E+01   0.289308E+01
   0.198275E+00   0.266056E+01   0.000000E+00   0.287735E+01   0.287735E+01
   0.198539E+00   0.273622E+01   0.000000E+00   0.286168E+01   0.286168E+01
   0.198802E+00   0.276788E+01   0.000000E+00   0.284621E+01   0.284621E+01
   0.199066E+00   0.282954E+01   0.000000E+00   0.283080E+01   0.283080E+01
   0.199329E+00   0.267602E+01   0.000000E+00   0.281558E+01   0.281558E+01
   0.199593E+00   0.246822E+01   0.000000E+00   0.280043E+01   0.280043E+01
   0.199856E+00   0.237344E+01   0.000000E+00   0.278546E+01   0.278546E+01
   0.200120E+00   0.246050E+01   0.000000E+00   0.277056E+01   0.277056E+01
   0.200383E+00   0.251688E+01   0.000000E+00   0.275584E+01   0.275584E+01
   0.200647E+00   0.256916E+01   0.000000E+00   0.274119E+01   0.274119E+01
   0.200910E+00   0.257940E+01   0.000000E+00   0.272672E+01   0.272672E+01
   0.201173E+00   0.242696E+01   0.000000E+00   0.271236E+01   0.271236E+01
   0.201437E+00   0.251138E+01   0.000000E+00   0.269808E+01   0.269808E+01
   0.201700E+00   0.246298E+01   0.000000E+00   0.268396E+01   0.268396E+01
   0.201964E+00   0.245372E+01   0.000000E+00   0.266991E+01   0.266991E+01
   0.202227E+00   0.251718E+01   0.000000E+00   0.265603E+01   0.265603E+01
   0.202491E+00   0.244838E+01   0.000000E+00   0.264221E+01   0.264221E+01
   0.202754E+00   0.256910E+01   0.000000E+00   0.262856E+01   0.262856E+01
   0.203018E+00   0.242922E+01   0.000000E+00   0.261497E+01   0.261497E+01
   0.203281E+00   0.234124E+01   0.000000E+00   0.260154E+01   0.260154E+01
   0.203545E+00   0.242806E+01   0.000000E+00   0.258818E+01   0.258818E+01
   0.203808E+00   0.255836E+01   0.000000E+00   0.257497E+01   0.257497E+01
   0.204072E+00   0.236562E+01   0.000000E+00   0.256183E+01   0.256183E+01
   0.204335E+00   0.241114E+01   0.000000E+00   0.254884E+01   0.254884E+01
   0.204599E+00   0.240858E+01   0.000000E+00   0.253591E+01   0.253591E+01
   0.204862E+00   0.244316E+01   0.000000E+00   0.252314E+01   0.252314E+01
   0.205125E+00   0.248806E+01   0.000000E+00   0.251048E+01   0.251048E+01
   0.205389E+00   0.254704E+01   0.000000E+00   0.249787E+01   0.249787E+01
   0.205652E+00   0.250382E+01   0.000000E+00   0.248541E+01   0.248541E+01
   0.205916E+00   0.227086E+01   0.000000E+00   0.247301E+01   0.247301E+01
   0.206179E+00   0.217964E+01   0.000000E+00   0.246076E+01   0.246076E+01
   0.206443E+00   0.231352E+01   0.000000E+00   0.244856E+01   0.244856E+01
   0.206706E+00   0.231906E+01   0.000000E+00   0.243650E+01   0.243650E+01
   0.206970E+00   0.216216E+01   0.000000E+00   0.242450E+01   0.242450E+01
   0.207233E+00   0.225082E+01   0.000000E+00   0.241264E+01   0.241264E+01
   0.207497E+00   0.232876E+01   0.000000E+00   0.240084E+01   0.240084E+01
   0.207760E+00   0.247728E+01   0.000000E+00   0.238917E+01   0.238917E+01
   0.208024E+00   0.243604E+01   0.000000E+00   0.237756E+01   0.237756E+01
   0.208287E+00   0.216792E+01   0.000000E+00   0.236608E+01   0.236608E+01
   0.208550E+00   0.242124E+01   0.000000E+00   0.235470E+01   0.235470E+01
   0.208814E+00   0.223720E+01   0.000000E+00   0.234336E+01   0.234336E+01
   0.209077E+00   0.203886E+01   0.000000E+00   0.233216E+01   0.233216E+01
   0.209341E+00   0.175414E+01   0.000000E+00   0.232101E+01   0.232101E+01
   0.209604E+00   0.201134E+01   0.000000E+00   0.230999E+01   0.230999E+01
   0.209868E+00   0.197162E+01   0.000000E+00   0.229901E+01   0.229901E+01
   0.210131E+00   0.186882E+01   0.000000E+00   0.228817E+01   0.228817E+01
   0.210395E+00   0.209934E+01   0.000000E+00   0.227736E+01   0.227736E+01
   0.210658E+00   0.205844E+01   0.000000E+00   0.226669E+01   0.226669E+01
   0.210922E+00   0.215200E+01   0.000000E+00   0.225606E+01   0.225606E+01
   0.211185E+00   0.208690E+01   0.000000E+00   0.224555E+01   0.224555E+01
   0.211449E+00   0.199616E+01   0.000000E+00   0.223509E+01   0.223509E+01
   0.211712E+00   0.191448E+01   0.000000E+00   0.222475E+01   0.222475E+01
   0.211976E+00   0.208896E+01   0.000000E+00   0.221445E+01   0.221445E+01
   0.212239E+00   0.201752E+01   0.000000E+00   0.220426E+01   0.220426E+01
   0.212502E+00   0.185440E+01   0.000000E+00   0.219416E+01   0.219416E+01
   0.212766E+00   0.190661E+01   0.000000E+00   0.218410E+01   0.218410E+01
   0.213029E+00   0.178950E+01   0.000000E+00   0.217415E+01   0.217415E+01
   0.213293E+00   0.178760E+01   0.000000E+00   0.216425E+01   0.216425E+01
   0.213556E+00   0.194665E+01   0.000000E+00   0.215445E+01   0.215445E+01
   0.213820E+00   0.202116E+01   0.000000E+00   0.214470E+01   0.214470E+01
   0.214083E+00   0.217228E+01   0.000000E+00   0.213505E+01   0.213505E+01
   0.214347E+00   0.216536E+01   0.000000E+00   0.212544E+01   0.212544E+01
   0.214610E+00   0.204268E+01   0.000000E+00   0.211594E+01   0.211594E+01
   0.214874E+00   0.184940E+01   0.000000E+00   0.210648E+01   0.210648E+01
   0.215137E+00   0.183591E+01   0.000000E+00   0.209712E+01   0.209712E+01
   0.215401E+00   0.175130E+01   0.000000E+00   0.208780E+01   0.208780E+01
   0.215664E+00   0.180825E+01   0.000000E+00   0.207858E+01   0.207858E+01
   0.215928E+00   0.182370E+01   0.000000E+00   0.206940E+01   0.206940E+01
   0.216191E+00   0.194320E+01   0.000000E+00   0.206032E+01   0.206032E+01
   0.216454E+00   0.186900E+01   0.000000E+00   0.205130E+01   0.205130E+01
   0.216718E+00   0.181199E+01   0.000000E+00   0.204232E+01   0.204232E+01
   0.216981E+00   0.188328E+01   0.000000E+00   0.203344E+01   0.203344E+01
   0.217245E+00   0.181188E+01   0.000000E+00   0.202459E+01   0.202459E+01
   0.217508E+00   0.183501E+01   0.000000E+00   0.201583E+01   0.201583E+01
   0.217772E+00   0.173402E+01   0.000000E+00   0.200711E+01   0.200711E+01
   0.218035E+00   0.157972E+01   0.000000E+00   0.199848E+01   0.199848E+01
   0.218299E+00   0.186748E+01   0.000000E+00   0.198988E+01   0.198988E+01
   0.218562E+00   0.196506E+01   0.000000E+00   0.198138E+01   0.198138E+01
   0.218826E+00   0.181539E+01   0.000000E+00   0.197290E+01   0.197290E+01
   0.219089E+00   0.197995E+01   0.000000E+00   0.196451E+01   0.196451E+01
   0.219353E+00   0.179464E+01   0.000000E+00   0.195615E+01   0.195615E+01
   0.219616E+00   0.182797E+01   0.000000E+00   0.194789E+01   0.194789E+01
   0.219880E+00   0.191040E+01   0.000000E+00   0.193962E+01   0.193962E+01
   0.220143E+00   0.179751E+01   0.000000E+00   0.193153E+01   0.193153E+01
   0.220406E+00   0.177028E+01   0.000000E+00   0.192336E+01   0.192336E+01
   0.220670E+00   0.156450E+01   0.000000E+00   0.191541E+01   0.191541E+01
   0.220933E+00   0.176022E+01   0.000000E+00   0.190733E+01   0.190733E+01
   0.221197E+00   0.177359E+01   0.000000E+00   0.189938E+01   0.189938E+01
   0.221460E+00   0.188222E+01   0.000000E+00   0.189150E+01   0.189150E+01
   0.221724E+00   0.162999E+01   0.000000E+00   0.188365E+01   0.188365E+01
   0.221987E+00   0.180136E+01   0.000000E+00   0.187588E+01   0.187588E+01
   0.222251E+00   0.179259E+01   0.000000E+00   0.186813E+01   0.186813E+01
   0.222514E+00   0.179269E+01   0.000000E+00   0.186046E+01   0.186046E+01
   0.222778E+00   0.172658E+01   0.000000E+00   0.185282E+01   0.185282E+01
   0.223041E+00   0.181011E+01   0.000000E+00   0.184525E+01   0.184525E+01
   0.223305E+00   0.204674E+01   0.000000E+00   0.183771E+01   0.183771E+01
   0.223568E+00   0.182998E+01   0.000000E+00   0.183024E+01   0.183024E+01
   0.223831E+00   0.167490E+01   0.000000E+00   0.182282E+01   0.182282E+01
   0.224095E+00   0.186077E+01   0.000000E+00   0.181542E+01   0.181542E+01
   0.224358E+00   0.169700E+01   0.000000E+00   0.180810E+01   0.180810E+01
   0.224622E+00   0.183024E+01   0.000000E+00   0.180080E+01   0.180080E+01
   0.224885E+00   0.168368E+01   0.000000E+00   0.179357E+01   0.179357E+01
   0.225149E+00   0.162355E+01   0.000000E+00   0.178636E+01   0.178636E+01
   0.225412E+00   0.162115E+01   0.000000E+00   0.177923E+01   0.177923E+01
   0.225676E+00   0.161207E+01   0.000000E+00   0.177211E+01   0.177211E+01
   0.225939E+00   0.183242E+01   0.000000E+00   0.176506E+01   0.176506E+01
   0.226203E+00   0.197190E+01   0.000000E+00   0.175804E+01   0.175804E+01
   0.226466E+00   0.178156E+01   0.000000E+00   0.175108E+01   0.175108E+01
   0.226730E+00   0.143982E+01   0.000000E+00   0.174414E+01   0.174414E+01
   0.226993E+00   0.155033E+01   0.000000E+00   0.173727E+01   0.173727E+01
   0.227257E+00   0.166016E+01   0.000000E+00   0.173041E+01   0.173041E+01
   0.227520E+00   0.186381E+01   0.000000E+00   0.172363E+01   0.172363E+01
   0.227783E+00   0.173516E+01   0.000000E+00   0.171688E+01   0.171688E+01
   0.228047E+00   0.183400E+01   0.000000E+00   0.171015E+01   0.171015E+01
   0.228310E+00   0.200202E+01   0.000000E+00   0.170350E+01   0.170350E+01
   0.228574E+00   0.189598E+01   0.000000E+00   0.169684E+01   0.169684E+01
   0.228837E+00   0.166661E+01   0.000000E+00   0.169026E+01   0.169026E+01
   0.229101E+00   0.155462E+01   0.000000E+00   0.168369E+01   0.168369E+01
   0.229364E+00   0.149500E+01   0.000000E+00   0.167719E+01   0.167719E+01
   0.229628E+00   0.155943E+01   0.000000E+00   0.167070E+01   0.167070E+01
   0.229891E+00   0.162803E+01   0.000000E+00   0.166428E+01   0.166428E+01
   0.230155E+00   0.180686E+01   0.000000E+00   0.165787E+01   0.165787E+01
   0.230418E+00   0.178010E+01   0.000000E+00   0.165152E+01   0.165152E+01
   0.230682E+00   0.170512E+01   0.000000E+00   0.164518E+01   0.164518E+01
   0.230945E+00   0.152307E+01   0.000000E+00   0.163891E+01   0.163891E+01
   0.231209E+00   0.160686E+01   0.000000E+00   0.163264E+01   0.163264E+01
   0.231472E+00   0.186451E+01   0.000000E+00   0.162644E+01   0.162644E+01
   0.231735E+00   0.172315E+01   0.000000E+00   0.162028E+01   0.162028E+01
   0.231999E+00   0.157927E+01   0.000000E+00   0.161413E+01   0.161413E+01
   0.232262E+00   0.155291E+01   0.000000E+00   0.160803E+01   0.160803E+01
   0.232526E+00   0.150078E+01   0.000000E+00   0.160195E+01   0.160195E+01
   0.232789E+00   0.147472E+01   0.000000E+00   0.159593E+01   0.159593E+01
   0.233053E+00   0.158942E+01   0.000000E+00   0.158992E+01   0.158992E+01
   0.233316E+00   0.178051E+01   0.000000E+00   0.158396E+01   0.158396E+01
   0.233580E+00   0.177538E+01   0.000000E+00   0.157802E+01   0.157802E+01
   0.233843E+00   0.163475E+01   0.000000E+00   0.157214E+01   0.157214E+01
   0.234107E+00   0.141624E+01   0.000000E+00   0.156626E+01   0.156626E+01
   0.234370E+00   0.153217E+01   0.000000E+00   0.156044E+01   0.156044E+01
   0.234634E+00   0.173859E+01   0.000000E+00   0.155464E+01   0.155464E+01
   0.234897E+00   0.162385E+01   0.000000E+00   0.154889E+01   0.154889E+01
   0.235161E+00   0.139829E+01   0.000000E+00   0.154314E+01   0.154314E+01
   0.235424E+00   0.139710E+01   0.000000E+00   0.153746E+01   0.153746E+01
   0.235687E+00   0.143521E+01   0.000000E+00   0.153180E+01   0.153180E+01
   0.235951E+00   0.143265E+01   0.000000E+00   0.152618E+01   0.152618E+01
   0.236214E+00   0.132157E+01   0.000000E+00   0.152057E+01   0.152057E+01
   0.236478E+00   0.144021E+01   0.000000E+00   0.151499E+01   0.151499E+01
   0.236741E+00   0.148505E+01   0.000000E+00   0.150946E+01   0.150946E+01
   0.237005E+00   0.137967E+01   0.000000E+00   0.150394E+01   0.150394E+01
   0.237268E+00   0.130163E+01   0.000000E+00   0.149848E+01   0.149848E+01
   0.237532E+00   0.140553E+01   0.000000E+00   0.149302E+01   0.149302E+01
   0.237795E+00   0.134603E+01   0.000000E+00   0.148762E+01   0.148762E+01
   0.238059E+00   0.129675E+01   0.000000E+00   0.148222E+01   0.148222E+01
   0.238322E+00   0.127330E+01   0.000000E+00   0.147688E+01   0.147688E+01
   0.238586E+00   0.125332E+01   0.000000E+00   0.147154E+01   0.147154E+01
   0.238849E+00   0.139130E+01   0.000000E+00   0.146626E+01   0.146626E+01
   0.239112E+00   0.150616E+01   0.000000E+00   0.146101E+01   0.146101E+01
   0.239376E+00   0.148818E+01   0.000000E+00   0.145576E+01   0.145576E+01
   0.239639E+00   0.143143E+01   0.000000E+00   0.145057E+01   0.145057E+01
   0.239903E+00   0.147882E+01   0.000000E+00   0.144538E+01   0.144538E+01
   0.240166E+00   0.149753E+01   0.000000E+00   0.144024E+01   0.144024E+01
   0.240430E+00   0.168878E+01   0.000000E+00   0.143512E+01   0.143512E+01
   0.240693E+00   0.168280E+01   0.000000E+00   0.143004E+01   0.143004E+01
   0.240957E+00   0.160897E+01   0.000000E+00   0.142497E+01   0.142497E+01
   0.241220E+00   0.140300E+01   0.000000E+00   0.141995E+01   0.141995E+01
   0.241484E+00   0.129952E+01   0.000000E+00   0.141494E+01   0.141494E+01
   0.241747E+00   0.136933E+01   0.000000E+00   0.140997E+01   0.140997E+01
   0.242011E+00   0.145269E+01   0.000000E+00   0.140501E+01   0.140501E+01
   0.242274E+00   0.141950E+01   0.000000E+00   0.140010E+01   0.140010E+01
   0.242538E+00   0.145211E+01   0.000000E+00   0.139521E+01   0.139521E+01
   0.242801E+00   0.129099E+01   0.000000E+00   0.139035E+01   0.139035E+01
   0.243064E+00   0.130221E+01   0.000000E+00   0.138553E+01   0.138553E+01
   0.243328E+00   0.143900E+01   0.000000E+00   0.138071E+01   0.138071E+01
   0.243591E+00   0.152414E+01   0.000000E+00   0.137594E+01   0.137594E+01
   0.243855E+00   0.121604E+01   0.000000E+00   0.137117E+01   0.137117E+01
   0.244118E+00   0.131457E+01   0.000000E+00   0.136646E+01   0.136646E+01
   0.244382E+00   0.122876E+01   0.000000E+00   0.136175E+01   0.136175E+01
   0.244645E+00   0.125885E+01   0.000000E+00   0.135709E+01   0.135709E+01
   0.244909E+00   0.123802E+01   0.000000E+00   0.135244E+01   0.135244E+01
   0.245172E+00   0.119173E+01   0.000000E+00   0.134783E+01   0.134783E+01
   0.245436E+00   0.106161E+01   0.000000E+00   0.134323E+01   0.134323E+01
   0.245699E+00   0.101628E+01   0.000000E+00   0.133867E+01   0.133867E+01
   0.245963E+00   0.110588E+01   0.000000E+00   0.133413E+01   0.133413E+01
   0.246226E+00   0.135149E+01   0.000000E+00   0.132962E+01   0.132962E+01
   0.246490E+00   0.121856E+01   0.000000E+00   0.132513E+01   0.132513E+01
   0.246753E+00   0.144663E+01   0.000000E+00   0.132068E+01   0.132068E+01
   0.247016E+00   0.123919E+01   0.000000E+00   0.131625E+01   0.131625E+01
   0.247280E+00   0.132645E+01   0.000000E+00   0.131184E+01   0.131184E+01
   0.247543E+00   0.131329E+01   0.000000E+00   0.130747E+01   0.130747E+01
   0.247807E+00   0.132881E+01   0.000000E+00   0.130310E+01   0.130310E+01
   0.248070E+00   0.133646E+01   0.000000E+00   0.129878E+01   0.129878E+01
   0.248334E+00   0.115163E+01   0.000000E+00   0.129447E+01   0.129447E+01
   0.248597E+00   0.120782E+01   0.000000E+00   0.129020E+01   0.129020E+01
   0.248861E+00   0.148145E+01   0.000000E+00   0.128594E+01   0.128594E+01
   0.249124E+00   0.129561E+01   0.000000E+00   0.128172E+01   0.128172E+01
   0.249388E+00   0.121650E+01   0.000000E+00   0.127751E+01   0.127751E+01
   0.249651E+00   0.110685E+01   0.000000E+00   0.127334E+01   0.127334E+01
   0.249915E+00   0.945342E+00   0.000000E+00   0.126918E+01   0.126918E+01
   0.250178E+00   0.116402E+01   0.000000E+00   0.126507E+01   0.126507E+01
   0.250441E+00   0.132003E+01   0.000000E+00   0.126097E+01   0.126097E+01
   0.250705E+00   0.142273E+01   0.000000E+00   0.125689E+01   0.125689E+01
   0.250968E+00   0.139723E+01   0.000000E+00   0.125284E+01   0.125284E+01
   0.251232E+00   0.129872E+01   0.000000E+00   0.124880E+01   0.124880E+01
   0.251495E+00   0.111388E+01   0.000000E+00   0.124489E+01   0.124489E+01
   0.251759E+00   0.116401E+01   0.000000E+00   0.124081E+01   0.124081E+01
   0.252022E+00   0.120289E+01   0.000000E+00   0.123689E+01   0.123689E+01
   0.252286E+00   0.132471E+01   0.000000E+00   0.123294E+01   0.123294E+01
   0.252549E+00   0.107259E+01   0.000000E+00   0.122905E+01   0.122905E+01
   0.252813E+00   0.971740E+00   0.000000E+00   0.122517E+01   0.122517E+01
   0.253076E+00   0.882762E+00   0.000000E+00   0.122132E+01   0.122132E+01
   0.253340E+00   0.107588E+01   0.000000E+00   0.121748E+01   0.121748E+01
   0.253603E+00   0.130617E+01   0.000000E+00   0.121368E+01   0.121368E+01
   0.253867E+00   0.116603E+01   0.000000E+00   0.120989E+01   0.120989E+01
   0.254130E+00   0.145767E+01   0.000000E+00   0.120614E+01   0.120614E+01
   0.254393E+00   0.138639E+01   0.000000E+00   0.120241E+01   0.120241E+01
   0.254657E+00   0.117228E+01   0.000000E+00   0.119869E+01   0.119869E+01
   0.254920E+00   0.132853E+01   0.000000E+00   0.119501E+01   0.119501E+01
   0.255184E+00   0.137720E+01   0.000000E+00   0.119134E+01   0.119134E+01
   0.255447E+00   0.137094E+01   0.000000E+00   0.118770E+01   0.118770E+01
   0.255711E+00   0.120007E+01   0.000000E+00   0.118408E+01   0.118408E+01
   0.255974E+00   0.128777E+01   0.000000E+00   0.118049E+01   0.118049E+01
   0.256238E+00   0.131215E+01   0.000000E+00   0.117691E+01   0.117691E+01
   0.256501E+00   0.105571E+01   0.000000E+00   0.117337E+01   0.117337E+01
   0.256765E+00   0.926646E+00   0.000000E+00   0.116984E+01   0.116984E+01
   0.257028E+00   0.106197E+01   0.000000E+00   0.116634E+01   0.116634E+01
   0.257292E+00   0.104208E+01   0.000000E+00   0.116285E+01   0.116285E+01
   0.257555E+00   0.922996E+00   0.000000E+00   0.115940E+01   0.115940E+01
   0.257819E+00   0.113102E+01   0.000000E+00   0.115596E+01   0.115596E+01
   0.258082E+00   0.112668E+01   0.000000E+00   0.115256E+01   0.115256E+01
   0.258345E+00   0.108496E+01   0.000000E+00   0.114918E+01   0.114918E+01
   0.258609E+00   0.124645E+01   0.000000E+00   0.114580E+01   0.114580E+01
   0.258872E+00   0.141313E+01   0.000000E+00   0.114246E+01   0.114246E+01
   0.259136E+00   0.138759E+01   0.000000E+00   0.113914E+01   0.113914E+01
   0.259399E+00   0.113513E+01   0.000000E+00   0.113584E+01   0.113584E+01
   0.259663E+00   0.113053E+01   0.000000E+00   0.113256E+01   0.113256E+01
   0.259926E+00   0.104659E+01   0.000000E+00   0.112931E+01   0.112931E+01
   0.260190E+00   0.948000E+00   0.000000E+00   0.112607E+01   0.112607E+01
   0.260453E+00   0.920924E+00   0.000000E+00   0.112286E+01   0.112286E+01
   0.260717E+00   0.992748E+00   0.000000E+00   0.111966E+01   0.111966E+01
   0.260980E+00   0.965966E+00   0.000000E+00   0.111650E+01   0.111650E+01
   0.261244E+00   0.986856E+00   0.000000E+00   0.111334E+01   0.111334E+01
   0.261507E+00   0.940496E+00   0.000000E+00   0.111022E+01   0.111022E+01
   0.261771E+00   0.104942E+01   0.000000E+00   0.110711E+01   0.110711E+01
   0.262034E+00   0.117393E+01   0.000000E+00   0.110403E+01   0.110403E+01
   0.262297E+00   0.121883E+01   0.000000E+00   0.110097E+01   0.110097E+01
   0.262561E+00   0.998940E+00   0.000000E+00   0.109792E+01   0.109792E+01
   0.262824E+00   0.863792E+00   0.000000E+00   0.109491E+01   0.109491E+01
   0.263088E+00   0.831674E+00   0.000000E+00   0.109190E+01   0.109190E+01
   0.263351E+00   0.101356E+01   0.000000E+00   0.108892E+01   0.108892E+01
   0.263615E+00   0.854264E+00   0.000000E+00   0.108596E+01   0.108596E+01
   0.263878E+00   0.998662E+00   0.000000E+00   0.108302E+01   0.108302E+01
   0.264142E+00   0.988168E+00   0.000000E+00   0.108009E+01   0.108009E+01
   0.264405E+00   0.817754E+00   0.000000E+00   0.107720E+01   0.107720E+01
   0.264669E+00   0.857788E+00   0.000000E+00   0.107431E+01   0.107431E+01
   0.264932E+00   0.957370E+00   0.000000E+00   0.107146E+01   0.107146E+01
   0.265196E+00   0.113397E+01   0.000000E+00   0.106861E+01   0.106861E+01
   0.265459E+00   0.973228E+00   0.000000E+00   0.106579E+01   0.106579E+01
   0.265722E+00   0.855090E+00   0.000000E+00   0.106299E+01   0.106299E+01
   0.265986E+00   0.119596E+01   0.000000E+00   0.106020E+01   0.106020E+01
   0.266249E+00   0.119998E+01   0.000000E+00   0.105745E+01   0.105745E+01
   0.266513E+00   0.904626E+00   0.000000E+00   0.105470E+01   0.105470E+01
   0.266776E+00   0.996426E+00   0.000000E+00   0.105197E+01   0.105197E+01
   0.267040E+00   0.108981E+01   0.000000E+00   0.104926E+01   0.104926E+01
   0.267303E+00   0.921546E+00   0.000000E+00   0.104657E+01   0.104657E+01
   0.267567E+00   0.736102E+00   0.000000E+00   0.104389E+01   0.104389E+01
   0.267830E+00   0.921828E+00   0.000000E+00   0.104125E+01   0.104125E+01
   0.268094E+00   0.896026E+00   0.000000E+00   0.103861E+01   0.103861E+01
   0.268357E+00   0.108894E+01   0.000000E+00   0.103600E+01   0.103600E+01
   0.268621E+00   0.932154E+00   0.000000E+00   0.103340E+01   0.103340E+01
   0.268884E+00   0.846104E+00   0.000000E+00   0.103082E+01   0.103082E+01
   0.269148E+00   0.817024E+00   0.000000E+00   0.102826E+01   0.102826E+01
   0.269411E+00   0.828786E+00   0.000000E+00   0.102572E+01   0.102572E+01
   0.269674E+00   0.854514E+00   0.000000E+00   0.102319E+01   0.102319E+01
   0.269938E+00   0.996968E+00   0.000000E+00   0.102068E+01   0.102068E+01
   0.270201E+00   0.860688E+00   0.000000E+00   0.101819E+01   0.101819E+01
   0.270465E+00   0.858408E+00   0.000000E+00   0.101571E+01   0.101571E+01
   0.270728E+00   0.958862E+00   0.000000E+00   0.101325E+01   0.101325E+01
   0.270992E+00   0.926924E+00   0.000000E+00   0.101080E+01   0.101080E+01
   0.271255E+00   0.885302E+00   0.000000E+00   0.100838E+01   0.100838E+01
   0.271519E+00   0.944626E+00   0.000000E+00   0.100597E+01   0.100597E+01
   0.271782E+00   0.111866E+01   0.000000E+00   0.100358E+01   0.100358E+01
   0.272046E+00   0.102435E+01   0.000000E+00   0.100119E+01   0.100119E+01
   0.272309E+00   0.888152E+00   0.000000E+00   0.998835E+00   0.998835E+00
   0.272573E+00   0.101526E+01   0.000000E+00   0.996484E+00   0.996484E+00
   0.272836E+00   0.944632E+00   0.000000E+00   0.994154E+00   0.994154E+00
   0.273100E+00   0.862250E+00   0.000000E+00   0.991838E+00   0.991838E+00
   0.273363E+00   0.958726E+00   0.000000E+00   0.989542E+00   0.989542E+00
   0.273626E+00   0.112044E+01   0.000000E+00   0.987262E+00   0.987262E+00
   0.273890E+00   0.109288E+01   0.000000E+00   0.984987E+00   0.984987E+00
   0.274153E+00   0.113139E+01   0.000000E+00   0.982737E+00   0.982737E+00
   0.274417E+00   0.107924E+01   0.000000E+00   0.980492E+00   0.980492E+00
   0.274680E+00   0.822126E+00   0.000000E+00   0.978271E+00   0.978271E+00
   0.274944E+00   0.761344E+00   0.000000E+00   0.976055E+00   0.976055E+00
   0.275207E+00   0.804874E+00   0.000000E+00   0.973862E+00   0.973862E+00
   0.275471E+00   0.940940E+00   0.000000E+00   0.971673E+00   0.971673E+00
   0.275734E+00   0.915558E+00   0.000000E+00   0.969510E+00   0.969510E+00
   0.275998E+00   0.851232E+00   0.000000E+00   0.967351E+00   0.967351E+00
   0.276261E+00   0.952980E+00   0.000000E+00   0.965213E+00   0.965213E+00
   0.276525E+00   0.912702E+00   0.000000E+00   0.963081E+00   0.963081E+00
   0.276788E+00   0.788794E+00   0.000000E+00   0.960970E+00   0.960970E+00
   0.277052E+00   0.867736E+00   0.000000E+00   0.958864E+00   0.958864E+00
   0.277315E+00   0.913900E+00   0.000000E+00   0.956780E+00   0.956780E+00
   0.277578E+00   0.697676E+00   0.000000E+00   0.954709E+00   0.954709E+00
   0.277842E+00   0.775036E+00   0.000000E+00   0.952642E+00   0.952642E+00
   0.278105E+00   0.954260E+00   0.000000E+00   0.950595E+00   0.950595E+00
   0.278369E+00   0.123189E+01   0.000000E+00   0.948553E+00   0.948553E+00
   0.278632E+00   0.880540E+00   0.000000E+00   0.946532E+00   0.946532E+00
   0.278896E+00   0.864352E+00   0.000000E+00   0.944515E+00   0.944515E+00
   0.279159E+00   0.833518E+00   0.000000E+00   0.942517E+00   0.942517E+00
   0.279423E+00   0.858222E+00   0.000000E+00   0.940523E+00   0.940523E+00
   0.279686E+00   0.891878E+00   0.000000E+00   0.938549E+00   0.938549E+00
   0.279950E+00   0.834524E+00   0.000000E+00   0.936578E+00   0.936578E+00
   0.280213E+00   0.103868E+01   0.000000E+00   0.934627E+00   0.934627E+00
   0.280477E+00   0.949594E+00   0.000000E+00   0.932679E+00   0.932679E+00
   0.280740E+00   0.914296E+00   0.000000E+00   0.930750E+00   0.930750E+00
   0.281003E+00   0.959102E+00   0.000000E+00   0.928831E+00   0.928831E+00
   0.281267E+00   0.964118E+00   0.000000E+00   0.926916E+00   0.926916E+00
   0.281530E+00   0.850310E+00   0.000000E+00   0.925020E+00   0.925020E+00
   0.281794E+00   0.876312E+00   0.000000E+00   0.923126E+00   0.923126E+00
   0.282057E+00   0.916150E+00   0.000000E+00   0.921250E+00   0.921250E+00
   0.282321E+00   0.896374E+00   0.000000E+00   0.919376E+00   0.919376E+00
   0.282584E+00   0.686676E+00   0.000000E+00   0.917517E+00   0.917517E+00
   0.282848E+00   0.727766E+00   0.000000E+00   0.915655E+00   0.915655E+00
   0.283111E+00   0.934346E+00   0.000000E+00   0.913835E+00   0.913835E+00
   0.283375E+00   0.965074E+00   0.000000E+00   0.911974E+00   0.911974E+00
   0.283638E+00   0.865992E+00   0.000000E+00   0.910200E+00   0.910200E+00
   0.283902E+00   0.816000E+00   0.000000E+00   0.908332E+00   0.908332E+00
   0.284165E+00   0.726958E+00   0.000000E+00   0.906565E+00   0.906565E+00
   0.284429E+00   0.767820E+00   0.000000E+00   0.904769E+00   0.904769E+00
   0.284692E+00   0.800084E+00   0.000000E+00   0.902988E+00   0.902988E+00
   0.284955E+00   0.706454E+00   0.000000E+00   0.901216E+00   0.901216E+00
   0.285219E+00   0.678446E+00   0.000000E+00   0.899446E+00   0.899446E+00
   0.285482E+00   0.865702E+00   0.000000E+00   0.897691E+00   0.897691E+00
   0.285746E+00   0.834618E+00   0.000000E+00   0.895937E+00   0.895937E+00
   0.286009E+00   0.977204E+00   0.000000E+00   0.894199E+00   0.894199E+00
   0.286273E+00   0.100399E+01   0.000000E+00   0.892462E+00   0.892462E+00
   0.286536E+00   0.108039E+01   0.000000E+00   0.890739E+00   0.890739E+00
   0.286800E+00   0.920400E+00   0.000000E+00   0.889018E+00   0.889018E+00
   0.287063E+00   0.692190E+00   0.000000E+00   0.887312E+00   0.887312E+00
   0.287327E+00   0.480528E+00   0.000000E+00   0.885606E+00   0.885606E+00
   0.287590E+00   0.464896E+00   0.000000E+00   0.883914E+00   0.883914E+00
   0.287854E+00   0.731110E+00   0.000000E+00   0.882223E+00   0.882223E+00
   0.288117E+00   0.734554E+00   0.000000E+00   0.880546E+00   0.880546E+00
   0.288381E+00   0.836400E+00   0.000000E+00   0.878869E+00   0.878869E+00
   0.288644E+00   0.835108E+00   0.000000E+00   0.877208E+00   0.877208E+00
   0.288907E+00   0.960630E+00   0.000000E+00   0.875549E+00   0.875549E+00
   0.289171E+00   0.934848E+00   0.000000E+00   0.873893E+00   0.873893E+00
   0.289434E+00   0.890420E+00   0.000000E+00   0.872250E+00   0.872250E+00
   0.289698E+00   0.843154E+00   0.000000E+00   0.870609E+00   0.870609E+00
   0.289961E+00   0.926010E+00   0.000000E+00   0.868977E+00   0.868977E+00
   0.290225E+00   0.948074E+00   0.000000E+00   0.867347E+00   0.867347E+00
   0.290488E+00   0.712168E+00   0.000000E+00   0.865729E+00   0.865729E+00
   0.290752E+00   0.692474E+00   0.000000E+00   0.864111E+00   0.864111E+00
   0.291015E+00   0.846036E+00   0.000000E+00   0.862506E+00   0.862506E+00
   0.291279E+00   0.725870E+00   0.000000E+00   0.860900E+00   0.860900E+00
   0.291542E+00   0.541482E+00   0.000000E+00   0.859306E+00   0.859306E+00
   0.291806E+00   0.580570E+00   0.000000E+00   0.857711E+00   0.857711E+00
   0.292069E+00   0.541136E+00   0.000000E+00   0.856128E+00   0.856128E+00
   0.292332E+00   0.780304E+00   0.000000E+00   0.854550E+00   0.854550E+00
   0.292596E+00   0.888192E+00   0.000000E+00   0.852972E+00   0.852972E+00
   0.292859E+00   0.827524E+00   0.000000E+00   0.851406E+00   0.851406E+00
   0.293123E+00   0.946194E+00   0.000000E+00   0.849838E+00   0.849838E+00
   0.293386E+00   0.947142E+00   0.000000E+00   0.848281E+00   0.848281E+00
   0.293650E+00   0.903640E+00   0.000000E+00   0.846720E+00   0.846720E+00
   0.293913E+00   0.946728E+00   0.000000E+00   0.845176E+00   0.845176E+00
   0.294177E+00   0.969374E+00   0.000000E+00   0.843629E+00   0.843629E+00
   0.294440E+00   0.966084E+00   0.000000E+00   0.842092E+00   0.842092E+00
   0.294704E+00   0.905774E+00   0.000000E+00   0.840553E+00   0.840553E+00
   0.294967E+00   0.705234E+00   0.000000E+00   0.839025E+00   0.839025E+00
   0.295231E+00   0.889378E+00   0.000000E+00   0.837495E+00   0.837495E+00
   0.295494E+00   0.842340E+00   0.000000E+00   0.835976E+00   0.835976E+00
   0.295758E+00   0.777738E+00   0.000000E+00   0.834456E+00   0.834456E+00

           ####      Real Space Data                               ####

           Distance distribution  function of particle  


      R          P(R)      ERROR

  0.0000E+00  0.0000E+00  0.0000E+00
  0.3176E+00  0.1998E-02  0.0000E+00
  0.6353E+00  0.4321E-02  0.0000E+00
  0.9529E+00  0.6967E-02  0.0000E+00
  0.1271E+01  0.9934E-02  0.0000E+00
  0.1588E+01  0.1322E-01  0.0000E+00
  0.1906E+01  0.1682E-01  0.0000E+00
  0.2224E+01  0.2073E-01  0.0000E+00
  0.2541E+01  0.2495E-01  0.0000E+00
  0.2859E+01  0.2947E-01  0.0000E+00
  0.3176E+01  0.3428E-01  0.0000E+00
  0.3494E+01  0.3937E-01  0.0000E+00
  0.3812E+01  0.4475E-01  0.0000E+00
  0.4129E+01  0.5039E-01  0.0000E+00
  0.4447E+01  0.5629E-01  0.0000E+00
  0.4765E+01  0.6245E-01  0.0000E+00
  0.5082E+01  0.6884E-01  0.0000E+00
  0.5400E+01  0.7546E-01  0.0000E+00
  0.5718E+01  0.8231E-01  0.0000E+00
  0.6035E+01  0.8935E-01  0.0000E+00
  0.6353E+01  0.9659E-01  0.0000E+00
  0.6671E+01  0.1040E+00  0.0000E+00
  0.6988E+01  0.1116E+00  0.0000E+00
  0.7306E+01  0.1194E+00  0.0000E+00
  0.7624E+01  0.1272E+00  0.0000E+00
  0.7941E+01  0.1353E+00  0.0000E+00
  0.8259E+01  0.1434E+00  0.0000E+00
  0.8576E+01  0.1516E+00  0.0000E+00
  0.8894E+01  0.1599E+00  0.0000E+00
  0.9212E+01  0.1683E+00  0.0000E+00
  0.9529E+01  0.1768E+00  0.0000E+00
  0.9847E+01  0.1853E+00  0.0000E+00
  0.1016E+02  0.1938E+00  0.0000E+00
  0.1048E+02  0.2024E+00  0.0000E+00
  0.1080E+02  0.2109E+00  0.0000E+00
  0.1112E+02  0.2194E+00  0.0000E+00
  0.1144E+02  0.2279E+00  0.0000E+00
  0.1175E+02  0.2364E+00  0.0000E+00
  0.1207E+02  0.2449E+00  0.0000E+00
  0.1239E+02  0.2532E+00  0.0000E+00
  0.1271E+02  0.2615E+00  0.0000E+00
  0.1302E+02  0.2697E+00  0.0000E+00
  0.1334E+02  0.2778E+00  0.0000E+00
  0.1366E+02  0.2858E+00  0.0000E+00
  0.1398E+02  0.2937E+00  0.0000E+00
  0.1429E+02  0.3015E+00  0.0000E+00
  0.1461E+02  0.3091E+00  0.0000E+00
  0.1493E+02  0.3166E+00  0.0000E+00
  0.1525E+02  0.3239E+00  0.0000E+00
  0.1556E+02  0.3311E+00  0.0000E+00
  0.1588E+02  0.3381E+00  0.0000E+00
  0.1620E+02  0.3449E+00  0.0000E+00
  0.1652E+02  0.3516E+00  0.0000E+00
  0.1684E+02  0.3580E+00  0.0000E+00
  0.1715E+02  0.3643E+00  0.0000E+00
  0.1747E+02  0.3704E+00  0.0000E+00
  0.1779E+02  0.3762E+00  0.0000E+00
  0.1811E+02  0.3819E+00  0.0000E+00
  0.1842E+02  0.3874E+00  0.0000E+00
  0.1874E+02  0.3926E+00  0.0000E+00
  0.1906E+02  0.3976E+00  0.0000E+00
  0.1938E+02  0.4025E+00  0.0000E+00
  0.1969E+02  0.4071E+00  0.0000E+00
  0.2001E+02  0.4115E+00  0.0000E+00
  0.2033E+02  0.4156E+00  0.0000E+00
  0.2065E+02  0.4196E+00  0.0000E+00
  0.2096E+02  0.4234E+00  0.0000E+00
  0.2128E+02  0.4269E+00  0.0000E+00
  0.2160E+02  0.4302E+00  0.0000E+00
  0.2192E+02  0.4333E+00  0.0000E+00
  0.2224E+02  0.4363E+00  0.0000E+00
  0.2255E+02  0.4390E+00  0.0000E+00
  0.2287E+02  0.4415E+00  0.0000E+00
  0.2319E+02  0.4438E+00  0.0000E+00
  0.2351E+02  0.4459E+00  0.0000E+00
  0.2382E+02  0.4478E+00  0.0000E+00
  0.2414E+02  0.4495E+00  0.0000E+00
  0.2446E+02  0.4511E+00  0.0000E+00
  0.2478E+02  0.4524E+00  0.0000E+00
  0.2509E+02  0.4536E+00  0.0000E+00
  0.2541E+02  0.4546E+00  0.0000E+00
  0.2573E+02  0.4555E+00  0.0000E+00
  0.2605E+02  0.4562E+00  0.0000E+00
  0.2636E+02  0.4567E+00  0.0000E+00
  0.2668E+02  0.4570E+00  0.0000E+00
  0.2700E+02  0.4573E+00  0.0000E+00
  0.2732E+02  0.4573E+00  0.0000E+00
  0.2764E+02  0.4572E+00  0.0000E+00
  0.2795E+02  0.4570E+00  0.0000E+00
  0.2827E+02  0.4567E+00  0.0000E+00
  0.2859E+02  0.4562E+00  0.0000E+00
  0.2891E+02  0.4556E+00  0.0000E+00
  0.2922E+02  0.4548E+00  0.0000E+00
  0.2954E+02  0.4540E+00  0.0000E+00
  0.2986E+02  0.4530E+00  0.0000E+00
  0.3018E+02  0.4520E+00  0.0000E+00
  0.3049E+02  0.4508E+00  0.0000E+00
  0.3081E+02  0.4495E+00  0.0000E+00
  0.3113E+02  0.4481E+00  0.0000E+00
  0.3145E+02  0.4466E+00  0.0000E+00
  0.3176E+02  0.4450E+00  0.0000E+00
  0.3208E+02  0.4434E+00  0.0000E+00
  0.3240E+02  0.4416E+00  0.0000E+00
  0.3272E+02  0.4398E+00  0.0000E+00
  0.3304E+02  0.4379E+00  0.0000E+00
  0.3335E+02  0.4358E+00  0.0000E+00
  0.3367E+02  0.4338E+00  0.0000E+00
  0.3399E+02  0.4316E+00  0.0000E+00
  0.3431E+02  0.4294E+00  0.0000E+00
  0.3462E+02  0.4271E+00  0.0000E+00
  0.3494E+02  0.4247E+00  0.0000E+00
  0.3526E+02  0.4222E+00  0.0000E+00
  0.3558E+02  0.4197E+00  0.0000E+00
  0.3589E+02  0.4172E+00  0.0000E+00
  0.3621E+02  0.4145E+00  0.0000E+00
  0.3653E+02  0.4118E+00  0.0000E+00
  0.3685E+02  0.4091E+00  0.0000E+00
  0.3716E+02  0.4063E+00  0.0000E+00
  0.3748E+02  0.4034E+00  0.0000E+00
  0.3780E+02  0.4004E+00  0.0000E+00
  0.3812E+02  0.3975E+00  0.0000E+00
  0.3844E+02  0.3944E+00  0.0000E+00
  0.3875E+02  0.3913E+00  0.0000E+00
  0.3907E+02  0.3882E+00  0.0000E+00
  0.3939E+02  0.3850E+00  0.0000E+00
  0.3971E+02  0.3817E+00  0.0000E+00
  0.4002E+02  0.3784E+00  0.0000E+00
  0.4034E+02  0.3751E+00  0.0000E+00
  0.4066E+02  0.3717E+00  0.0000E+00
  0.4098E+02  0.3682E+00  0.0000E+00
  0.4129E+02  0.3647E+00  0.0000E+00
  0.4161E+02  0.3612E+00  0.0000E+00
  0.4193E+02  0.3576E+00  0.0000E+00
  0.4225E+02  0.3540E+00  0.0000E+00
  0.4256E+02  0.3504E+00  0.0000E+00
  0.4288E+02  0.3467E+00  0.0000E+00
  0.4320E+02  0.3429E+00  0.0000E+00
  0.4352E+02  0.3391E+00  0.0000E+00
  0.4384E+02  0.3353E+00  0.0000E+00
  0.4415E+02  0.3315E+00  0.0000E+00
  0.4447E+02  0.3276E+00  0.0000E+00
  0.4479E+02  0.3237E+00  0.0000E+00
  0.4511E+02  0.3197E+00  0.0000E+00
  0.4542E+02  0.3157E+00  0.0000E+00
  0.4574E+02  0.3117E+00  0.0000E+00
  0.4606E+02  0.3077E+00  0.0000E+00
  0.4638E+02  0.3036E+00  0.0000E+00
  0.4669E+02  0.2995E+00  0.0000E+00
  0.4701E+02  0.2954E+00  0.0000E+00
  0.4733E+02  0.2913E+00  0.0000E+00
  0.4765E+02  0.2871E+00  0.0000E+00
  0.4796E+02  0.2830E+00  0.0000E+00
  0.4828E+02  0.2788E+00  0.0000E+00
  0.4860E+02  0.2746E+00  0.0000E+00
  0.4892E+02  0.2703E+00  0.0000E+00
  0.4924E+02  0.2661E+00  0.0000E+00
  0.4955E+02  0.2618E+00  0.0000E+00
  0.4987E+02  0.2576E+00  0.0000E+00
  0.5019E+02  0.2533E+00  0.0000E+00
  0.5051E+02  0.2490E+00  0.0000E+00
  0.5082E+02  0.2447E+00  0.0000E+00
  0.5114E+02  0.2404E+00  0.0000E+00
  0.5146E+02  0.2362E+00  0.0000E+00
  0.5178E+02  0.2319E+00  0.0000E+00
  0.5209E+02  0.2276E+00  0.0000E+00
  0.5241E+02  0.2233E+00  0.0000E+00
  0.5273E+02  0.2190E+00  0.0000E+00
  0.5305E+02  0.2147E+00  0.0000E+00
  0.5336E+02  0.2104E+00  0.0000E+00
  0.5368E+02  0.2062E+00  0.0000E+00
  0.5400E+02  0.2019E+00  0.0000E+00
  0.5432E+02  0.1977E+00  0.0000E+00
  0.5464E+02  0.1935E+00  0.0000E+00
  0.5495E+02  0.1893E+00  0.0000E+00
  0.5527E+02  0.1851E+00  0.0000E+00
  0.5559E+02  0.1809E+00  0.0000E+00
  0.5591E+02  0.1767E+00  0.0000E+00
  0.5622E+02  0.1726E+00  0.0000E+00
  0.5654E+02  0.1685E+00  0.0000E+00
  0.5686E+02  0.1644E+00  0.0000E+00
  0.5718E+02  0.1604E+00  0.0000E+00
  0.5749E+02  0.1563E+00  0.0000E+00
  0.5781E+02  0.1523E+00  0.0000E+00
  0.5813E+02  0.1484E+00  0.0000E+00
  0.5845E+02  0.1445E+00  0.0000E+00
  0.5876E+02  0.1406E+00  0.0000E+00
  0.5908E+02  0.1367E+00  0.0000E+00
  0.5940E+02  0.1329E+00  0.0000E+00
  0.5972E+02  0.1291E+00  0.0000E+00
  0.6004E+02  0.1253E+00  0.0000E+00
  0.6035E+02  0.1216E+00  0.0000E+00
  0.6067E+02  0.1180E+00  0.0000E+00
  0.6099E+02  0.1144E+00  0.0000E+00
  0.6131E+02  0.1108E+00  0.0000E+00
  0.6162E+02  0.1073E+00  0.0000E+00
  0.6194E+02  0.1038E+00  0.0000E+00
  0.6226E+02  0.1004E+00  0.0000E+00
  0.6258E+02  0.9704E-01  0.0000E+00
  0.6289E+02  0.9373E-01  0.0000E+00
  0.6321E+02  0.9047E-01  0.0000E+00
  0.6353E+02  0.8726E-01  0.0000E+00
  0.6385E+02  0.8411E-01  0.0000E+00
  0.6416E+02  0.8102E-01  0.0000E+00
  0.6448E+02  0.7798E-01  0.0000E+00
  0.6480E+02  0.7501E-01  0.0000E+00
  0.6512E+02  0.7209E-01  0.0000E+00
  0.6544E+02  0.6923E-01  0.0000E+00
  0.6575E+02  0.6643E-01  0.0000E+00
  0.6607E+02  0.6370E-01  0.0000E+00
  0.6639E+02  0.6102E-01  0.0000E+00
  0.6671E+02  0.5841E-01  0.0000E+00
  0.6702E+02  0.5586E-01  0.0000E+00
  0.6734E+02  0.5337E-01  0.0000E+00
  0.6766E+02  0.5095E-01  0.0000E+00
  0.6798E+02  0.4859E-01  0.0000E+00
  0.6829E+02  0.4629E-01  0.0000E+00
  0.6861E+02  0.4406E-01  0.0000E+00
  0.6893E+02  0.4189E-01  0.0000E+00
  0.6925E+02  0.3979E-01  0.0000E+00
  0.6956E+02  0.3774E-01  0.0000E+00
  0.6988E+02  0.3576E-01  0.0000E+00
  0.7020E+02  0.3385E-01  0.0000E+00
  0.7052E+02  0.3199E-01  0.0000E+00
  0.7084E+02  0.3020E-01  0.0000E+00
  0.7115E+02  0.2846E-01  0.0000E+00
  0.7147E+02  0.2679E-01  0.0000E+00
  0.7179E+02  0.2518E-01  0.0000E+00
  0.7211E+02  0.2363E-01  0.0000E+00
  0.7242E+02  0.2213E-01  0.0000E+00
  0.7274E+02  0.2069E-01  0.0000E+00
  0.7306E+02  0.1931E-01  0.0000E+00
  0.7338E+02  0.1798E-01  0.0000E+00
  0.7369E+02  0.1671E-01  0.0000E+00
  0.7401E+02  0.1549E-01  0.0000E+00
  0.7433E+02  0.1433E-01  0.0000E+00
  0.7465E+02  0.1321E-01  0.0000E+00
  0.7496E+02  0.1215E-01  0.0000E+00
  0.7528E+02  0.1113E-01  0.0000E+00
  0.7560E+02  0.1016E-01  0.0000E+00
  0.7592E+02  0.9241E-02  0.0000E+00
  0.7624E+02  0.8365E-02  0.0000E+00
  0.7655E+02  0.7534E-02  0.0000E+00
  0.7687E+02  0.6746E-02  0.0000E+00
  0.7719E+02  0.6000E-02  0.0000E+00
  0.7751E+02  0.5295E-02  0.0000E+00
  0.7782E+02  0.4630E-02  0.0000E+00
  0.7814E+02  0.4005E-02  0.0000E+00
  0.7846E+02  0.3418E-02  0.0000E+00
  0.7878E+02  0.2868E-02  0.0000E+00
  0.7909E+02  0.2354E-02  0.0000E+00
  0.7941E+02  0.1876E-02  0.0000E+00
  0.7973E+02  0.1433E-02  0.0000E+00
  0.8005E+02  0.1025E-02  0.0000E+00
  0.8036E+02  0.6500E-03  0.0000E+00
  0.8068E+02  0.3086E-03  0.0000E+00
  0.8100E+02  0.0000E+00  0.0000E+00
